<?xml version="1.0" encoding="UTF-8"?>
<!-- Generated by org.testng.reporters.JUnitXMLReporter -->
<testsuite hostname="TRVLHGN9NN2" ignored="0" name="Default test" tests="2" failures="0" timestamp="2021-09-16T16:25:42 IST" time="0.112" errors="0">
  <testcase name="@BeforeClass setUp" time="-1.631789742636E9" classname="com.orangehrm.qa.testcases.BasePageTest">
    <failure type="org.testng.TestNGException" message="
Parameter &amp;apos;browser&amp;apos; is required by BeforeClass on method setUp but has not been marked @Optional or defined
in C:\Users\Reshma.Ambili\AppData\Local\Temp\testng-eclipse-1866457451\testng-customsuite.xml">
      <![CDATA[org.testng.TestNGException: 
Parameter 'browser' is required by BeforeClass on method setUp but has not been marked @Optional or defined
in C:\Users\Reshma.Ambili\AppData\Local\Temp\testng-eclipse-1866457451\testng-customsuite.xml
at org.testng.internal.Parameters.createParams(Parameters.java:270)
at org.testng.internal.Parameters.createParametersForMethod(Parameters.java:358)
at org.testng.internal.Parameters.createParameters(Parameters.java:700)
at org.testng.internal.Parameters.createConfigurationParameters(Parameters.java:168)
at org.testng.internal.ConfigInvoker.invokeConfigurations(ConfigInvoker.java:302)
at org.testng.internal.TestMethodWorker.invokeBeforeClassMethods(TestMethodWorker.java:176)
at org.testng.internal.TestMethodWorker.run(TestMethodWorker.java:122)
at java.util.ArrayList.forEach(ArrayList.java:1259)
at org.testng.TestRunner.privateRun(TestRunner.java:794)
at org.testng.TestRunner.run(TestRunner.java:596)
at org.testng.SuiteRunner.runTest(SuiteRunner.java:377)
at org.testng.SuiteRunner.runSequentially(SuiteRunner.java:371)
at org.testng.SuiteRunner.privateRun(SuiteRunner.java:332)
at org.testng.SuiteRunner.run(SuiteRunner.java:276)
at org.testng.SuiteRunnerWorker.runSuite(SuiteRunnerWorker.java:53)
at org.testng.SuiteRunnerWorker.run(SuiteRunnerWorker.java:96)
at org.testng.TestNG.runSuitesSequentially(TestNG.java:1212)
at org.testng.TestNG.runSuitesLocally(TestNG.java:1134)
at org.testng.TestNG.runSuites(TestNG.java:1063)
at org.testng.TestNG.run(TestNG.java:1031)
at org.testng.remote.AbstractRemoteTestNG.run(AbstractRemoteTestNG.java:115)
at org.testng.remote.RemoteTestNG.initAndRun(RemoteTestNG.java:251)
at org.testng.remote.RemoteTestNG.main(RemoteTestNG.java:77)
]]>
    </failure>
  </testcase> <!-- @BeforeClass setUp -->
  <testcase name="@AfterMethod takeScreenShotOnFailure" time="-1.63178974269E9" classname="com.orangehrm.qa.testcases.BasePageTest">
    <skipped/>
  </testcase> <!-- @AfterMethod takeScreenShotOnFailure -->
  <testcase name="@AfterMethod takeScreenShotOnFailure" time="-1.631789742704E9" classname="com.orangehrm.qa.testcases.BasePageTest">
    <skipped/>
  </testcase> <!-- @AfterMethod takeScreenShotOnFailure -->
  <testcase name="@AfterClass tearDown" time="-1.631789742708E9" classname="com.orangehrm.qa.testcases.BasePageTest">
    <skipped/>
  </testcase> <!-- @AfterClass tearDown -->
  <testcase name="setUp" time="0.0" classname="com.orangehrm.qa.testcases.AssignLeavePageTest">
    <skipped/>
  </testcase> <!-- setUp -->
  <testcase name="verifyAssignpageTest" time="0.0" classname="com.orangehrm.qa.testcases.AssignLeavePageTest">
    <skipped/>
  </testcase> <!-- verifyAssignpageTest -->
</testsuite> <!-- Default test -->
