<?xml version="1.0" encoding="UTF-8"?>
<!-- Generated by org.testng.reporters.JUnitXMLReporter -->
<testsuite hostname="TRVLHGN9NN2" ignored="3" name="Test" tests="31" failures="1" timestamp="2021-09-21T13:14:38 IST" time="273.631" errors="0">
  <testcase name="verifyLoginPageTest" time="5.791" classname="com.orangehrm.qa.testcases.LoginPageTest"/>
  <testcase name="verifyDashbBoardElementsDisplayAndLogin" time="8.444" classname="com.orangehrm.qa.testcases.DashBoardPageTest"/>
  <testcase name="verifyLogOutAction" time="3.249" classname="com.orangehrm.qa.testcases.DashBoardPageTest"/>
  <testcase name="setUp" time="8.134" classname="com.orangehrm.qa.testcases.MyInfoPageTest"/>
  <testcase name="verifyEnterMyinfoTabTest" time="7.858" classname="com.orangehrm.qa.testcases.MyInfoPageTest"/>
  <testcase name="verifyEditCustomField" time="2.422" classname="com.orangehrm.qa.testcases.MyInfoPageTest">
    <failure type="org.openqa.selenium.support.ui.UnexpectedTagNameException" message="Element should have been &amp;quot;select&amp;quot; but was &amp;quot;input&amp;quot;
Build info: version: &amp;apos;3.141.59&amp;apos;, revision: &amp;apos;e82be7d358&amp;apos;, time: &amp;apos;2018-11-14T08:17:03&amp;apos;
System info: host: &amp;apos;TRVLHGN9NN2&amp;apos;, ip: &amp;apos;192.168.1.2&amp;apos;, os.name: &amp;apos;Windows 10&amp;apos;, os.arch: &amp;apos;amd64&amp;apos;, os.version: &amp;apos;10.0&amp;apos;, java.version: &amp;apos;1.8.0_291&amp;apos;
Driver info: driver.version: unknown">
      <![CDATA[org.openqa.selenium.support.ui.UnexpectedTagNameException: Element should have been "select" but was "input"
Build info: version: '3.141.59', revision: 'e82be7d358', time: '2018-11-14T08:17:03'
System info: host: 'TRVLHGN9NN2', ip: '192.168.1.2', os.name: 'Windows 10', os.arch: 'amd64', os.version: '10.0', java.version: '1.8.0_291'
Driver info: driver.version: unknown
at org.openqa.selenium.support.ui.Select.<init>(Select.java:48)
at com.orangehrm.qa.utilities.ElementUtil.selectDropdown(ElementUtil.java:114)
at com.orangehrm.qa.pages.MyInfoPage.editCustomeFieldsData(MyInfoPage.java:136)
at com.orangehrm.qa.testcases.MyInfoPageTest.verifyEditCustomField(MyInfoPageTest.java:47)
at java.util.ArrayList.forEach(ArrayList.java:1259)
... Removed 27 stack frames]]>
    </failure>
  </testcase> <!-- verifyEditCustomField -->
  <testcase name="addAttachment" time="9.188" classname="com.orangehrm.qa.testcases.MyInfoPageTest"/>
  <testcase name="verifySetUp" time="7.404" classname="com.orangehrm.qa.testcases.EditUserPageTest"/>
  <testcase name="userPageNavigation" time="4.916" classname="com.orangehrm.qa.testcases.EditUserPageTest"/>
  <testcase name="verifyEditUserPageTest" time="1.155" classname="com.orangehrm.qa.testcases.EditUserPageTest"/>
  <testcase name="setUp" time="13.163" classname="com.orangehrm.qa.testcases.AssignLeavePageTest"/>
  <testcase name="verifyAssignpageTest" time="1.445" classname="com.orangehrm.qa.testcases.AssignLeavePageTest"/>
  <testcase name="verifySetUp" time="9.617" classname="com.orangehrm.qa.testcases.LeaveEntitlementsPageTest"/>
  <testcase name="verifyEnterLeaveMultipleEmployees" time="4.124" classname="com.orangehrm.qa.testcases.LeaveEntitlementsPageTest"/>
  <testcase name="verifySetUp" time="6.283" classname="com.orangehrm.qa.testcases.ConfigurePIMPageTest"/>
  <testcase name="verifyConfigurePIMPageElementsTest" time="2.635" classname="com.orangehrm.qa.testcases.ConfigurePIMPageTest"/>
  <testcase name="verifyEditAllConfigurePIMPageTest" time="2.969" classname="com.orangehrm.qa.testcases.ConfigurePIMPageTest"/>
  <testcase name="verifyEditShowAndCountryOptionTest" time="3.216" classname="com.orangehrm.qa.testcases.ConfigurePIMPageTest"/>
  <testcase name="verifySetUp" time="6.253" classname="com.orangehrm.qa.testcases.PIMReportsPageTest"/>
  <testcase name="verifyAddReportTest" time="7.979" classname="com.orangehrm.qa.testcases.PIMReportsPageTest"/>
  <testcase name="verifySortReportAndEditTest" time="10.671" classname="com.orangehrm.qa.testcases.PIMReportsPageTest"/>
  <testcase name="verifyDelete" time="2.137" classname="com.orangehrm.qa.testcases.PIMReportsPageTest"/>
  <testcase name="verifySetUp" time="7.398" classname="com.orangehrm.qa.testcases.CustomFieldsPageTest"/>
  <testcase name="verifyCustomFieldPageNav" time="6.257" classname="com.orangehrm.qa.testcases.CustomFieldsPageTest"/>
  <testcase name="verifyCustomFieldAddAndCancel" time="3.263" classname="com.orangehrm.qa.testcases.CustomFieldsPageTest"/>
  <testcase name="verifyEditCustomFieldAndSave" time="9.232" classname="com.orangehrm.qa.testcases.CustomFieldsPageTest"/>
  <testcase name="verifyEditCustomFieldAndCancel" time="3.011" classname="com.orangehrm.qa.testcases.CustomFieldsPageTest"/>
  <testcase name="verifyDeleteCustomersAndAdd" time="10.386" classname="com.orangehrm.qa.testcases.CustomFieldsPageTest"/>
  <testcase name="verifySetUp" time="7.435" classname="com.orangehrm.qa.testcases.CsvDataImportaPageTest"/>
  <testcase name="verifyCsvDataUploadTest" time="4.596" classname="com.orangehrm.qa.testcases.CsvDataImportaPageTest"/>
  <testcase name="verifyCsvDataDownloadTest" time="1.362" classname="com.orangehrm.qa.testcases.CsvDataImportaPageTest"/>
  <testcase name="verifyEditShowDeprecatedOptionTest" time="0.0" classname="com.orangehrm.qa.testcases.ConfigurePIMPageTest">
    <ignored/>
  </testcase> <!-- verifyEditShowDeprecatedOptionTest -->
  <testcase name="verifyEditCountrySpecificOptionTest" time="0.0" classname="com.orangehrm.qa.testcases.ConfigurePIMPageTest">
    <ignored/>
  </testcase> <!-- verifyEditCountrySpecificOptionTest -->
  <testcase name="verifyEnterAddLeaveDetails" time="0.0" classname="com.orangehrm.qa.testcases.LeaveEntitlementsPageTest">
    <ignored/>
  </testcase> <!-- verifyEnterAddLeaveDetails -->
</testsuite> <!-- Test -->
