<?xml version="1.0" encoding="UTF-8"?>
<!-- Generated by org.testng.reporters.JUnitXMLReporter -->
<testsuite hostname="TRVLHGN9NN2" ignored="4" name="Test1" tests="45" failures="2" timestamp="2021-09-21T12:44:47 IST" time="436.987" errors="0">
  <testcase name="verifyLoginPageTest" time="7.467" classname="com.orangehrm.qa.testcases.LoginPageTest"/>
  <testcase name="verifyDashbBoardElementsDisplayAndLogin" time="8.445" classname="com.orangehrm.qa.testcases.DashBoardPageTest"/>
  <testcase name="verifyLogOutAction" time="2.605" classname="com.orangehrm.qa.testcases.DashBoardPageTest"/>
  <testcase name="setUp" time="8.033" classname="com.orangehrm.qa.testcases.MyInfoPageTest"/>
  <testcase name="verifyEnterMyinfoTabTest" time="8.029" classname="com.orangehrm.qa.testcases.MyInfoPageTest"/>
  <testcase name="verifyEditCustomField" time="2.715" classname="com.orangehrm.qa.testcases.MyInfoPageTest">
    <failure type="org.openqa.selenium.support.ui.UnexpectedTagNameException" message="Element should have been &amp;quot;select&amp;quot; but was &amp;quot;input&amp;quot;
Build info: version: &amp;apos;3.141.59&amp;apos;, revision: &amp;apos;e82be7d358&amp;apos;, time: &amp;apos;2018-11-14T08:17:03&amp;apos;
System info: host: &amp;apos;TRVLHGN9NN2&amp;apos;, ip: &amp;apos;192.168.1.2&amp;apos;, os.name: &amp;apos;Windows 10&amp;apos;, os.arch: &amp;apos;amd64&amp;apos;, os.version: &amp;apos;10.0&amp;apos;, java.version: &amp;apos;1.8.0_291&amp;apos;
Driver info: driver.version: unknown">
      <![CDATA[org.openqa.selenium.support.ui.UnexpectedTagNameException: Element should have been "select" but was "input"
Build info: version: '3.141.59', revision: 'e82be7d358', time: '2018-11-14T08:17:03'
System info: host: 'TRVLHGN9NN2', ip: '192.168.1.2', os.name: 'Windows 10', os.arch: 'amd64', os.version: '10.0', java.version: '1.8.0_291'
Driver info: driver.version: unknown
at org.openqa.selenium.support.ui.Select.<init>(Select.java:48)
at com.orangehrm.qa.utilities.ElementUtil.selectDropdown(ElementUtil.java:114)
at com.orangehrm.qa.pages.MyInfoPage.editCustomeFieldsData(MyInfoPage.java:136)
at com.orangehrm.qa.testcases.MyInfoPageTest.verifyEditCustomField(MyInfoPageTest.java:47)
at java.util.ArrayList.forEach(ArrayList.java:1259)
... Removed 27 stack frames]]>
    </failure>
  </testcase> <!-- verifyEditCustomField -->
  <testcase name="addAttachment" time="10.174" classname="com.orangehrm.qa.testcases.MyInfoPageTest"/>
  <testcase name="setUp" time="7.357" classname="com.orangehrm.qa.testcases.MyInfoContactDetailsPageTest"/>
  <testcase name="verifyContactDetailsPageNav" time="6.657" classname="com.orangehrm.qa.testcases.MyInfoContactDetailsPageTest"/>
  <testcase name="verifySaveContactDetailsTest" time="5.282" classname="com.orangehrm.qa.testcases.MyInfoContactDetailsPageTest"/>
  <testcase name="verifyContactAttachmentsTest" time="8.347" classname="com.orangehrm.qa.testcases.MyInfoContactDetailsPageTest"/>
  <testcase name="verifySetUp" time="7.57" classname="com.orangehrm.qa.testcases.DependentsPageTest"/>
  <testcase name="verifyEditDepAction" time="23.232" classname="com.orangehrm.qa.testcases.DependentsPageTest"/>
  <testcase name="verifyEditDepAction" time="22.993" classname="com.orangehrm.qa.testcases.DependentsPageTest"/>
  <testcase name="verifySetUp" time="7.066" classname="com.orangehrm.qa.testcases.AdminPageTest"/>
  <testcase name="verifyAdminPageAction" time="6.782" classname="com.orangehrm.qa.testcases.AdminPageTest"/>
  <testcase name="verifyAdminPageAddUser" time="4.634" classname="com.orangehrm.qa.testcases.AdminPageTest"/>
  <testcase name="verifyAdminDeleteUser" time="4.054" classname="com.orangehrm.qa.testcases.AdminPageTest"/>
  <testcase name="verifySetUp" time="11.025" classname="com.orangehrm.qa.testcases.AddUserPageTest"/>
  <testcase name="verifyaddUserActionTest" time="1.899" classname="com.orangehrm.qa.testcases.AddUserPageTest"/>
  <testcase name="verifyDelete" time="6.036" classname="com.orangehrm.qa.testcases.AddUserPageTest"/>
  <testcase name="verifySetUp" time="7.846" classname="com.orangehrm.qa.testcases.EditUserPageTest"/>
  <testcase name="userPageNavigation" time="4.097" classname="com.orangehrm.qa.testcases.EditUserPageTest"/>
  <testcase name="verifyEditUserPageTest" time="1.201" classname="com.orangehrm.qa.testcases.EditUserPageTest"/>
  <testcase name="setUp" time="15.171" classname="com.orangehrm.qa.testcases.AssignLeavePageTest"/>
  <testcase name="verifyAssignpageTest" time="5.567" classname="com.orangehrm.qa.testcases.AssignLeavePageTest"/>
  <testcase name="verifySetUp" time="9.011" classname="com.orangehrm.qa.testcases.LeaveEntitlementsPageTest"/>
  <testcase name="verifyEnterLeaveMultipleEmployees" time="3.002" classname="com.orangehrm.qa.testcases.LeaveEntitlementsPageTest">
    <failure type="org.openqa.selenium.ElementNotInteractableException" message="element not interactable
  (Session info: chrome=93.0.4577.82)
Build info: version: &amp;apos;3.141.59&amp;apos;, revision: &amp;apos;e82be7d358&amp;apos;, time: &amp;apos;2018-11-14T08:17:03&amp;apos;
System info: host: &amp;apos;TRVLHGN9NN2&amp;apos;, ip: &amp;apos;192.168.1.2&amp;apos;, os.name: &amp;apos;Windows 10&amp;apos;, os.arch: &amp;apos;amd64&amp;apos;, os.version: &amp;apos;10.0&amp;apos;, java.version: &amp;apos;1.8.0_291&amp;apos;
Driver info: org.openqa.selenium.chrome.ChromeDriver
Capabilities {acceptInsecureCerts: false, browserName: chrome, browserVersion: 93.0.4577.82, chrome: {chromedriverVersion: 93.0.4577.15 (660fc11082ba5..., userDataDir: C:\Users\RESHMA~1.AMB\AppDa...}, goog:chromeOptions: {debuggerAddress: localhost:61446}, javascriptEnabled: true, networkConnectionEnabled: false, pageLoadStrategy: normal, platform: WINDOWS, platformName: WINDOWS, proxy: Proxy(), setWindowRect: true, strictFileInteractability: false, timeouts: {implicit: 0, pageLoad: 300000, script: 30000}, unhandledPromptBehavior: dismiss and notify, webauthn:extension:credBlob: true, webauthn:extension:largeBlob: true, webauthn:virtualAuthenticators: true}
Session ID: 8442238ab9b84d1b36d143e7b3c17a17">
      <![CDATA[org.openqa.selenium.ElementNotInteractableException: element not interactable
  (Session info: chrome=93.0.4577.82)
Build info: version: '3.141.59', revision: 'e82be7d358', time: '2018-11-14T08:17:03'
System info: host: 'TRVLHGN9NN2', ip: '192.168.1.2', os.name: 'Windows 10', os.arch: 'amd64', os.version: '10.0', java.version: '1.8.0_291'
Driver info: org.openqa.selenium.chrome.ChromeDriver
Capabilities {acceptInsecureCerts: false, browserName: chrome, browserVersion: 93.0.4577.82, chrome: {chromedriverVersion: 93.0.4577.15 (660fc11082ba5..., userDataDir: C:\Users\RESHMA~1.AMB\AppDa...}, goog:chromeOptions: {debuggerAddress: localhost:61446}, javascriptEnabled: true, networkConnectionEnabled: false, pageLoadStrategy: normal, platform: WINDOWS, platformName: WINDOWS, proxy: Proxy(), setWindowRect: true, strictFileInteractability: false, timeouts: {implicit: 0, pageLoad: 300000, script: 30000}, unhandledPromptBehavior: dismiss and notify, webauthn:extension:credBlob: true, webauthn:extension:largeBlob: true, webauthn:virtualAuthenticators: true}
Session ID: 8442238ab9b84d1b36d143e7b3c17a17
at org.openqa.selenium.remote.http.W3CHttpResponseCodec.createException(W3CHttpResponseCodec.java:187)
at org.openqa.selenium.remote.http.W3CHttpResponseCodec.decode(W3CHttpResponseCodec.java:122)
at org.openqa.selenium.remote.http.W3CHttpResponseCodec.decode(W3CHttpResponseCodec.java:49)
at org.openqa.selenium.remote.HttpCommandExecutor.execute(HttpCommandExecutor.java:158)
at org.openqa.selenium.remote.service.DriverCommandExecutor.execute(DriverCommandExecutor.java:83)
at org.openqa.selenium.remote.RemoteWebDriver.execute(RemoteWebDriver.java:552)
at org.openqa.selenium.remote.RemoteWebElement.execute(RemoteWebElement.java:285)
at org.openqa.selenium.remote.RemoteWebElement.click(RemoteWebElement.java:84)
at org.openqa.selenium.support.pagefactory.internal.LocatingElementHandler.invoke(LocatingElementHandler.java:51)
at com.sun.proxy.$Proxy12.click(Unknown Source)
at com.orangehrm.qa.utilities.ElementUtil.click(ElementUtil.java:95)
at com.orangehrm.qa.pages.LeaveEntitlementsPage.addEntitlementNav(LeaveEntitlementsPage.java:82)
at com.orangehrm.qa.testcases.LeaveEntitlementsPageTest.verifyEnterLeaveMultipleEmployees(LeaveEntitlementsPageTest.java:43)
at java.util.ArrayList.forEach(ArrayList.java:1259)
... Removed 34 stack frames]]>
    </failure>
  </testcase> <!-- verifyEnterLeaveMultipleEmployees -->
  <testcase name="verifySetUp" time="10.198" classname="com.orangehrm.qa.testcases.ConfigurePIMPageTest"/>
  <testcase name="verifyConfigurePIMPageElementsTest" time="5.941" classname="com.orangehrm.qa.testcases.ConfigurePIMPageTest"/>
  <testcase name="verifyEditAllConfigurePIMPageTest" time="2.898" classname="com.orangehrm.qa.testcases.ConfigurePIMPageTest"/>
  <testcase name="verifyEditShowAndCountryOptionTest" time="1.998" classname="com.orangehrm.qa.testcases.ConfigurePIMPageTest"/>
  <testcase name="verifySetUp" time="7.468" classname="com.orangehrm.qa.testcases.PIMReportsPageTest"/>
  <testcase name="verifyAddReportTest" time="8.234" classname="com.orangehrm.qa.testcases.PIMReportsPageTest"/>
  <testcase name="verifySortReportAndEditTest" time="9.567" classname="com.orangehrm.qa.testcases.PIMReportsPageTest"/>
  <testcase name="verifyDelete" time="2.368" classname="com.orangehrm.qa.testcases.PIMReportsPageTest"/>
  <testcase name="verifySetUp" time="7.91" classname="com.orangehrm.qa.testcases.CustomFieldsPageTest"/>
  <testcase name="verifyCustomFieldPageNav" time="7.515" classname="com.orangehrm.qa.testcases.CustomFieldsPageTest"/>
  <testcase name="verifyCustomFieldAddAndCancel" time="3.043" classname="com.orangehrm.qa.testcases.CustomFieldsPageTest"/>
  <testcase name="verifyEditCustomFieldAndSave" time="7.125" classname="com.orangehrm.qa.testcases.CustomFieldsPageTest"/>
  <testcase name="verifyEditCustomFieldAndCancel" time="3.664" classname="com.orangehrm.qa.testcases.CustomFieldsPageTest"/>
  <testcase name="verifyDeleteCustomersAndAdd" time="10.729" classname="com.orangehrm.qa.testcases.CustomFieldsPageTest"/>
  <testcase name="verifySetUp" time="9.442" classname="com.orangehrm.qa.testcases.CsvDataImportaPageTest"/>
  <testcase name="verifyCsvDataUploadTest" time="4.53" classname="com.orangehrm.qa.testcases.CsvDataImportaPageTest"/>
  <testcase name="verifyCsvDataDownloadTest" time="1.512" classname="com.orangehrm.qa.testcases.CsvDataImportaPageTest"/>
  <testcase name="verifyEditShowDeprecatedOptionTest" time="0.0" classname="com.orangehrm.qa.testcases.ConfigurePIMPageTest">
    <ignored/>
  </testcase> <!-- verifyEditShowDeprecatedOptionTest -->
  <testcase name="verifyEditCountrySpecificOptionTest" time="0.0" classname="com.orangehrm.qa.testcases.ConfigurePIMPageTest">
    <ignored/>
  </testcase> <!-- verifyEditCountrySpecificOptionTest -->
  <testcase name="verifyAddDepAction" time="0.0" classname="com.orangehrm.qa.testcases.DependentsPageTest">
    <ignored/>
  </testcase> <!-- verifyAddDepAction -->
  <testcase name="verifyEnterAddLeaveDetails" time="0.0" classname="com.orangehrm.qa.testcases.LeaveEntitlementsPageTest">
    <ignored/>
  </testcase> <!-- verifyEnterAddLeaveDetails -->
</testsuite> <!-- Test1 -->
