<html>
<head>
<title>TestNG:  Test2</title>
<link href="../testng.css" rel="stylesheet" type="text/css" />
<link href="../my-testng.css" rel="stylesheet" type="text/css" />

<style type="text/css">
.log { display: none;} 
.stack-trace { display: none;} 
</style>
<script type="text/javascript">
<!--
function flip(e) {
  current = e.style.display;
  if (current == 'block') {
    e.style.display = 'none';
    return 0;
  }
  else {
    e.style.display = 'block';
    return 1;
  }
}

function toggleBox(szDivId, elem, msg1, msg2)
{
  var res = -1;  if (document.getElementById) {
    res = flip(document.getElementById(szDivId));
  }
  else if (document.all) {
    // this is the way old msie versions work
    res = flip(document.all[szDivId]);
  }
  if(elem) {
    if(res == 0) elem.innerHTML = msg1; else elem.innerHTML = msg2;
  }

}

function toggleAllBoxes() {
  if (document.getElementsByTagName) {
    d = document.getElementsByTagName('div');
    for (i = 0; i < d.length; i++) {
      if (d[i].className == 'log') {
        flip(d[i]);
      }
    }
  }
}

// -->
</script>

</head>
<body>
<h2 align='center'>Test2</h2><table border='1' align="center">
<tr>
<td>Tests passed/Failed/Skipped:</td><td>35/4/0</td>
</tr><tr>
<td>Started on:</td><td>Tue Sep 21 09:30:06 IST 2021</td>
</tr>
<tr><td>Total time:</td><td>366 seconds (366424 ms)</td>
</tr><tr>
<td>Included groups:</td><td></td>
</tr><tr>
<td>Excluded groups:</td><td></td>
</tr>
</table><p/>
<small><i>(Hover the method name to see the test class name)</i></small><p/>
<table width='100%' border='1' class='invocation-failed'>
<tr><td colspan='4' align='center'><b>FAILED TESTS</b></td></tr>
<tr><td><b>Test method</b></td>
<td width="30%"><b>Exception</b></td>
<td width="10%"><b>Time (seconds)</b></td>
<td><b>Instance</b></td>
</tr>
<tr>
<td title='com.orangehrm.qa.testcases.CustomFieldsPageTest.verifyCustomFieldAddAndCancel()'><b>verifyCustomFieldAddAndCancel</b><br>Test class: com.orangehrm.qa.testcases.CustomFieldsPageTest</td>
<td><div><pre>org.openqa.selenium.ElementNotInteractableException: element not interactable
  (Session info: MicrosoftEdge=93.0.961.52)
Build info: version: &apos;3.141.59&apos;, revision: &apos;e82be7d358&apos;, time: &apos;2018-11-14T08:17:03&apos;
System info: host: &apos;TRVLHGN9NN2&apos;, ip: &apos;192.168.1.2&apos;, os.name: &apos;Windows 10&apos;, os.arch: &apos;amd64&apos;, os.version: &apos;10.0&apos;, java.version: &apos;1.8.0_291&apos;
Driver info: org.openqa.selenium.edge.EdgeDriver
Capabilities {acceptInsecureCerts: false, browserName: msedge, browserVersion: 93.0.961.52, javascriptEnabled: true, ms:edgeOptions: {debuggerAddress: localhost:52525}, msedge: {msedgedriverVersion: 93.0.961.52 (55ddfa3ef85052..., userDataDir: C:\Users\RESHMA~1.AMB\AppDa...}, networkConnectionEnabled: false, pageLoadStrategy: normal, platform: WINDOWS, platformName: WINDOWS, proxy: Proxy(), setWindowRect: true, strictFileInteractability: false, timeouts: {implicit: 0, pageLoad: 300000, script: 30000}, unhandledPromptBehavior: dismiss and notify, webauthn:extension:credBlob: true, webauthn:extension:largeBlob: true, webauthn:virtualAuthenticators: true}
Session ID: 945bf8be47e9248b65809257bdce63d1
	at org.openqa.selenium.remote.http.W3CHttpResponseCodec.createException(W3CHttpResponseCodec.java:187)
	at org.openqa.selenium.remote.http.W3CHttpResponseCodec.decode(W3CHttpResponseCodec.java:122)
	at org.openqa.selenium.remote.http.W3CHttpResponseCodec.decode(W3CHttpResponseCodec.java:49)
	at org.openqa.selenium.remote.HttpCommandExecutor.execute(HttpCommandExecutor.java:158)
	at org.openqa.selenium.remote.service.DriverCommandExecutor.execute(DriverCommandExecutor.java:83)
	at org.openqa.selenium.remote.RemoteWebDriver.execute(RemoteWebDriver.java:552)
	at org.openqa.selenium.remote.RemoteWebElement.execute(RemoteWebElement.java:285)
	at org.openqa.selenium.remote.RemoteWebElement.click(RemoteWebElement.java:84)
	at org.openqa.selenium.support.pagefactory.internal.LocatingElementHandler.invoke(LocatingElementHandler.java:51)
	at com.sun.proxy.$Proxy12.click(Unknown Source)
	at com.orangehrm.qa.utilities.ElementUtil.click(ElementUtil.java:95)
	at com.orangehrm.qa.pages.CustomFieldsPage.cancelField(CustomFieldsPage.java:124)
	at com.orangehrm.qa.testcases.CustomFieldsPageTest.verifyCustomFieldAddAndCancel(CustomFieldsPageTest.java:43)
	at java.util.ArrayList.forEach(ArrayList.java:1259)
... Removed 34 stack frames</pre></div><a href='#' onClick='toggleBox("stack-trace1427133041", this, "Click to show all stack frames", "Click to hide stack frames")'>Click to show all stack frames</a>
<div class='stack-trace' id='stack-trace1427133041'><pre>org.openqa.selenium.ElementNotInteractableException: element not interactable
  (Session info: MicrosoftEdge=93.0.961.52)
Build info: version: &apos;3.141.59&apos;, revision: &apos;e82be7d358&apos;, time: &apos;2018-11-14T08:17:03&apos;
System info: host: &apos;TRVLHGN9NN2&apos;, ip: &apos;192.168.1.2&apos;, os.name: &apos;Windows 10&apos;, os.arch: &apos;amd64&apos;, os.version: &apos;10.0&apos;, java.version: &apos;1.8.0_291&apos;
Driver info: org.openqa.selenium.edge.EdgeDriver
Capabilities {acceptInsecureCerts: false, browserName: msedge, browserVersion: 93.0.961.52, javascriptEnabled: true, ms:edgeOptions: {debuggerAddress: localhost:52525}, msedge: {msedgedriverVersion: 93.0.961.52 (55ddfa3ef85052..., userDataDir: C:\Users\RESHMA~1.AMB\AppDa...}, networkConnectionEnabled: false, pageLoadStrategy: normal, platform: WINDOWS, platformName: WINDOWS, proxy: Proxy(), setWindowRect: true, strictFileInteractability: false, timeouts: {implicit: 0, pageLoad: 300000, script: 30000}, unhandledPromptBehavior: dismiss and notify, webauthn:extension:credBlob: true, webauthn:extension:largeBlob: true, webauthn:virtualAuthenticators: true}
Session ID: 945bf8be47e9248b65809257bdce63d1
	at sun.reflect.NativeConstructorAccessorImpl.newInstance0(Native Method)
	at sun.reflect.NativeConstructorAccessorImpl.newInstance(NativeConstructorAccessorImpl.java:62)
	at sun.reflect.DelegatingConstructorAccessorImpl.newInstance(DelegatingConstructorAccessorImpl.java:45)
	at java.lang.reflect.Constructor.newInstance(Constructor.java:423)
	at org.openqa.selenium.remote.http.W3CHttpResponseCodec.createException(W3CHttpResponseCodec.java:187)
	at org.openqa.selenium.remote.http.W3CHttpResponseCodec.decode(W3CHttpResponseCodec.java:122)
	at org.openqa.selenium.remote.http.W3CHttpResponseCodec.decode(W3CHttpResponseCodec.java:49)
	at org.openqa.selenium.remote.HttpCommandExecutor.execute(HttpCommandExecutor.java:158)
	at org.openqa.selenium.remote.service.DriverCommandExecutor.execute(DriverCommandExecutor.java:83)
	at org.openqa.selenium.remote.RemoteWebDriver.execute(RemoteWebDriver.java:552)
	at org.openqa.selenium.remote.RemoteWebElement.execute(RemoteWebElement.java:285)
	at org.openqa.selenium.remote.RemoteWebElement.click(RemoteWebElement.java:84)
	at sun.reflect.GeneratedMethodAccessor3.invoke(Unknown Source)
	at sun.reflect.DelegatingMethodAccessorImpl.invoke(DelegatingMethodAccessorImpl.java:43)
	at java.lang.reflect.Method.invoke(Method.java:498)
	at org.openqa.selenium.support.pagefactory.internal.LocatingElementHandler.invoke(LocatingElementHandler.java:51)
	at com.sun.proxy.$Proxy12.click(Unknown Source)
	at com.orangehrm.qa.utilities.ElementUtil.click(ElementUtil.java:95)
	at com.orangehrm.qa.pages.CustomFieldsPage.cancelField(CustomFieldsPage.java:124)
	at com.orangehrm.qa.testcases.CustomFieldsPageTest.verifyCustomFieldAddAndCancel(CustomFieldsPageTest.java:43)
	at sun.reflect.NativeMethodAccessorImpl.invoke0(Native Method)
	at sun.reflect.NativeMethodAccessorImpl.invoke(NativeMethodAccessorImpl.java:62)
	at sun.reflect.DelegatingMethodAccessorImpl.invoke(DelegatingMethodAccessorImpl.java:43)
	at java.lang.reflect.Method.invoke(Method.java:498)
	at org.testng.internal.MethodInvocationHelper.invokeMethod(MethodInvocationHelper.java:133)
	at org.testng.internal.TestInvoker.invokeMethod(TestInvoker.java:598)
	at org.testng.internal.TestInvoker.invokeTestMethod(TestInvoker.java:173)
	at org.testng.internal.MethodRunner.runInSequence(MethodRunner.java:46)
	at org.testng.internal.TestInvoker$MethodInvocationAgent.invoke(TestInvoker.java:824)
	at org.testng.internal.TestInvoker.invokeTestMethods(TestInvoker.java:146)
	at org.testng.internal.TestMethodWorker.invokeTestMethods(TestMethodWorker.java:146)
	at org.testng.internal.TestMethodWorker.run(TestMethodWorker.java:128)
	at java.util.ArrayList.forEach(ArrayList.java:1259)
	at org.testng.TestRunner.privateRun(TestRunner.java:794)
	at org.testng.TestRunner.run(TestRunner.java:596)
	at org.testng.SuiteRunner.runTest(SuiteRunner.java:377)
	at org.testng.SuiteRunner.runSequentially(SuiteRunner.java:371)
	at org.testng.SuiteRunner.privateRun(SuiteRunner.java:332)
	at org.testng.SuiteRunner.run(SuiteRunner.java:276)
	at org.testng.SuiteRunnerWorker.runSuite(SuiteRunnerWorker.java:53)
	at org.testng.SuiteRunnerWorker.run(SuiteRunnerWorker.java:96)
	at org.testng.TestNG.runSuitesSequentially(TestNG.java:1212)
	at org.testng.TestNG.runSuitesLocally(TestNG.java:1134)
	at org.testng.TestNG.runSuites(TestNG.java:1063)
	at org.testng.TestNG.run(TestNG.java:1031)
	at org.testng.remote.AbstractRemoteTestNG.run(AbstractRemoteTestNG.java:115)
	at org.testng.remote.RemoteTestNG.initAndRun(RemoteTestNG.java:251)
	at org.testng.remote.RemoteTestNG.main(RemoteTestNG.java:77)
</pre></div></td>
<td>1</td>
<td>com.orangehrm.qa.testcases.CustomFieldsPageTest@4fb64261</td></tr>
<tr>
<td title='com.orangehrm.qa.testcases.CustomFieldsPageTest.verifyCustomFieldPageNav()'><b>verifyCustomFieldPageNav</b><br>Test class: com.orangehrm.qa.testcases.CustomFieldsPageTest</td>
<td><div><pre>org.openqa.selenium.ElementNotInteractableException: element not interactable
  (Session info: MicrosoftEdge=93.0.961.52)
Build info: version: &apos;3.141.59&apos;, revision: &apos;e82be7d358&apos;, time: &apos;2018-11-14T08:17:03&apos;
System info: host: &apos;TRVLHGN9NN2&apos;, ip: &apos;192.168.1.2&apos;, os.name: &apos;Windows 10&apos;, os.arch: &apos;amd64&apos;, os.version: &apos;10.0&apos;, java.version: &apos;1.8.0_291&apos;
Driver info: org.openqa.selenium.edge.EdgeDriver
Capabilities {acceptInsecureCerts: false, browserName: msedge, browserVersion: 93.0.961.52, javascriptEnabled: true, ms:edgeOptions: {debuggerAddress: localhost:52525}, msedge: {msedgedriverVersion: 93.0.961.52 (55ddfa3ef85052..., userDataDir: C:\Users\RESHMA~1.AMB\AppDa...}, networkConnectionEnabled: false, pageLoadStrategy: normal, platform: WINDOWS, platformName: WINDOWS, proxy: Proxy(), setWindowRect: true, strictFileInteractability: false, timeouts: {implicit: 0, pageLoad: 300000, script: 30000}, unhandledPromptBehavior: dismiss and notify, webauthn:extension:credBlob: true, webauthn:extension:largeBlob: true, webauthn:virtualAuthenticators: true}
Session ID: 945bf8be47e9248b65809257bdce63d1
	at org.openqa.selenium.remote.http.W3CHttpResponseCodec.createException(W3CHttpResponseCodec.java:187)
	at org.openqa.selenium.remote.http.W3CHttpResponseCodec.decode(W3CHttpResponseCodec.java:122)
	at org.openqa.selenium.remote.http.W3CHttpResponseCodec.decode(W3CHttpResponseCodec.java:49)
	at org.openqa.selenium.remote.HttpCommandExecutor.execute(HttpCommandExecutor.java:158)
	at org.openqa.selenium.remote.service.DriverCommandExecutor.execute(DriverCommandExecutor.java:83)
	at org.openqa.selenium.remote.RemoteWebDriver.execute(RemoteWebDriver.java:552)
	at org.openqa.selenium.remote.RemoteWebElement.execute(RemoteWebElement.java:285)
	at org.openqa.selenium.remote.RemoteWebElement.click(RemoteWebElement.java:84)
	at org.openqa.selenium.support.pagefactory.internal.LocatingElementHandler.invoke(LocatingElementHandler.java:51)
	at com.sun.proxy.$Proxy12.click(Unknown Source)
	at com.orangehrm.qa.utilities.ElementUtil.click(ElementUtil.java:95)
	at com.orangehrm.qa.pages.CustomFieldsPage.addField(CustomFieldsPage.java:112)
	at com.orangehrm.qa.testcases.CustomFieldsPageTest.verifyCustomFieldPageNav(CustomFieldsPageTest.java:28)
	at java.util.ArrayList.forEach(ArrayList.java:1259)
... Removed 34 stack frames</pre></div><a href='#' onClick='toggleBox("stack-trace1360243494", this, "Click to show all stack frames", "Click to hide stack frames")'>Click to show all stack frames</a>
<div class='stack-trace' id='stack-trace1360243494'><pre>org.openqa.selenium.ElementNotInteractableException: element not interactable
  (Session info: MicrosoftEdge=93.0.961.52)
Build info: version: &apos;3.141.59&apos;, revision: &apos;e82be7d358&apos;, time: &apos;2018-11-14T08:17:03&apos;
System info: host: &apos;TRVLHGN9NN2&apos;, ip: &apos;192.168.1.2&apos;, os.name: &apos;Windows 10&apos;, os.arch: &apos;amd64&apos;, os.version: &apos;10.0&apos;, java.version: &apos;1.8.0_291&apos;
Driver info: org.openqa.selenium.edge.EdgeDriver
Capabilities {acceptInsecureCerts: false, browserName: msedge, browserVersion: 93.0.961.52, javascriptEnabled: true, ms:edgeOptions: {debuggerAddress: localhost:52525}, msedge: {msedgedriverVersion: 93.0.961.52 (55ddfa3ef85052..., userDataDir: C:\Users\RESHMA~1.AMB\AppDa...}, networkConnectionEnabled: false, pageLoadStrategy: normal, platform: WINDOWS, platformName: WINDOWS, proxy: Proxy(), setWindowRect: true, strictFileInteractability: false, timeouts: {implicit: 0, pageLoad: 300000, script: 30000}, unhandledPromptBehavior: dismiss and notify, webauthn:extension:credBlob: true, webauthn:extension:largeBlob: true, webauthn:virtualAuthenticators: true}
Session ID: 945bf8be47e9248b65809257bdce63d1
	at sun.reflect.NativeConstructorAccessorImpl.newInstance0(Native Method)
	at sun.reflect.NativeConstructorAccessorImpl.newInstance(NativeConstructorAccessorImpl.java:62)
	at sun.reflect.DelegatingConstructorAccessorImpl.newInstance(DelegatingConstructorAccessorImpl.java:45)
	at java.lang.reflect.Constructor.newInstance(Constructor.java:423)
	at org.openqa.selenium.remote.http.W3CHttpResponseCodec.createException(W3CHttpResponseCodec.java:187)
	at org.openqa.selenium.remote.http.W3CHttpResponseCodec.decode(W3CHttpResponseCodec.java:122)
	at org.openqa.selenium.remote.http.W3CHttpResponseCodec.decode(W3CHttpResponseCodec.java:49)
	at org.openqa.selenium.remote.HttpCommandExecutor.execute(HttpCommandExecutor.java:158)
	at org.openqa.selenium.remote.service.DriverCommandExecutor.execute(DriverCommandExecutor.java:83)
	at org.openqa.selenium.remote.RemoteWebDriver.execute(RemoteWebDriver.java:552)
	at org.openqa.selenium.remote.RemoteWebElement.execute(RemoteWebElement.java:285)
	at org.openqa.selenium.remote.RemoteWebElement.click(RemoteWebElement.java:84)
	at sun.reflect.GeneratedMethodAccessor3.invoke(Unknown Source)
	at sun.reflect.DelegatingMethodAccessorImpl.invoke(DelegatingMethodAccessorImpl.java:43)
	at java.lang.reflect.Method.invoke(Method.java:498)
	at org.openqa.selenium.support.pagefactory.internal.LocatingElementHandler.invoke(LocatingElementHandler.java:51)
	at com.sun.proxy.$Proxy12.click(Unknown Source)
	at com.orangehrm.qa.utilities.ElementUtil.click(ElementUtil.java:95)
	at com.orangehrm.qa.pages.CustomFieldsPage.addField(CustomFieldsPage.java:112)
	at com.orangehrm.qa.testcases.CustomFieldsPageTest.verifyCustomFieldPageNav(CustomFieldsPageTest.java:28)
	at sun.reflect.NativeMethodAccessorImpl.invoke0(Native Method)
	at sun.reflect.NativeMethodAccessorImpl.invoke(NativeMethodAccessorImpl.java:62)
	at sun.reflect.DelegatingMethodAccessorImpl.invoke(DelegatingMethodAccessorImpl.java:43)
	at java.lang.reflect.Method.invoke(Method.java:498)
	at org.testng.internal.MethodInvocationHelper.invokeMethod(MethodInvocationHelper.java:133)
	at org.testng.internal.TestInvoker.invokeMethod(TestInvoker.java:598)
	at org.testng.internal.TestInvoker.invokeTestMethod(TestInvoker.java:173)
	at org.testng.internal.MethodRunner.runInSequence(MethodRunner.java:46)
	at org.testng.internal.TestInvoker$MethodInvocationAgent.invoke(TestInvoker.java:824)
	at org.testng.internal.TestInvoker.invokeTestMethods(TestInvoker.java:146)
	at org.testng.internal.TestMethodWorker.invokeTestMethods(TestMethodWorker.java:146)
	at org.testng.internal.TestMethodWorker.run(TestMethodWorker.java:128)
	at java.util.ArrayList.forEach(ArrayList.java:1259)
	at org.testng.TestRunner.privateRun(TestRunner.java:794)
	at org.testng.TestRunner.run(TestRunner.java:596)
	at org.testng.SuiteRunner.runTest(SuiteRunner.java:377)
	at org.testng.SuiteRunner.runSequentially(SuiteRunner.java:371)
	at org.testng.SuiteRunner.privateRun(SuiteRunner.java:332)
	at org.testng.SuiteRunner.run(SuiteRunner.java:276)
	at org.testng.SuiteRunnerWorker.runSuite(SuiteRunnerWorker.java:53)
	at org.testng.SuiteRunnerWorker.run(SuiteRunnerWorker.java:96)
	at org.testng.TestNG.runSuitesSequentially(TestNG.java:1212)
	at org.testng.TestNG.runSuitesLocally(TestNG.java:1134)
	at org.testng.TestNG.runSuites(TestNG.java:1063)
	at org.testng.TestNG.run(TestNG.java:1031)
	at org.testng.remote.AbstractRemoteTestNG.run(AbstractRemoteTestNG.java:115)
	at org.testng.remote.RemoteTestNG.initAndRun(RemoteTestNG.java:251)
	at org.testng.remote.RemoteTestNG.main(RemoteTestNG.java:77)
</pre></div></td>
<td>2</td>
<td>com.orangehrm.qa.testcases.CustomFieldsPageTest@4fb64261</td></tr>
<tr>
<td title='com.orangehrm.qa.testcases.CustomFieldsPageTest.verifyEditCustomFieldAndSave()'><b>verifyEditCustomFieldAndSave</b><br>Test class: com.orangehrm.qa.testcases.CustomFieldsPageTest</td>
<td><div><pre>org.openqa.selenium.ElementNotInteractableException: element not interactable
  (Session info: MicrosoftEdge=93.0.961.52)
Build info: version: &apos;3.141.59&apos;, revision: &apos;e82be7d358&apos;, time: &apos;2018-11-14T08:17:03&apos;
System info: host: &apos;TRVLHGN9NN2&apos;, ip: &apos;192.168.1.2&apos;, os.name: &apos;Windows 10&apos;, os.arch: &apos;amd64&apos;, os.version: &apos;10.0&apos;, java.version: &apos;1.8.0_291&apos;
Driver info: org.openqa.selenium.edge.EdgeDriver
Capabilities {acceptInsecureCerts: false, browserName: msedge, browserVersion: 93.0.961.52, javascriptEnabled: true, ms:edgeOptions: {debuggerAddress: localhost:52525}, msedge: {msedgedriverVersion: 93.0.961.52 (55ddfa3ef85052..., userDataDir: C:\Users\RESHMA~1.AMB\AppDa...}, networkConnectionEnabled: false, pageLoadStrategy: normal, platform: WINDOWS, platformName: WINDOWS, proxy: Proxy(), setWindowRect: true, strictFileInteractability: false, timeouts: {implicit: 0, pageLoad: 300000, script: 30000}, unhandledPromptBehavior: dismiss and notify, webauthn:extension:credBlob: true, webauthn:extension:largeBlob: true, webauthn:virtualAuthenticators: true}
Session ID: 945bf8be47e9248b65809257bdce63d1
	at org.openqa.selenium.remote.http.W3CHttpResponseCodec.createException(W3CHttpResponseCodec.java:187)
	at org.openqa.selenium.remote.http.W3CHttpResponseCodec.decode(W3CHttpResponseCodec.java:122)
	at org.openqa.selenium.remote.http.W3CHttpResponseCodec.decode(W3CHttpResponseCodec.java:49)
	at org.openqa.selenium.remote.HttpCommandExecutor.execute(HttpCommandExecutor.java:158)
	at org.openqa.selenium.remote.service.DriverCommandExecutor.execute(DriverCommandExecutor.java:83)
	at org.openqa.selenium.remote.RemoteWebDriver.execute(RemoteWebDriver.java:552)
	at org.openqa.selenium.remote.RemoteWebElement.execute(RemoteWebElement.java:285)
	at org.openqa.selenium.remote.RemoteWebElement.click(RemoteWebElement.java:84)
	at org.openqa.selenium.support.pagefactory.internal.LocatingElementHandler.invoke(LocatingElementHandler.java:51)
	at com.sun.proxy.$Proxy12.click(Unknown Source)
	at com.orangehrm.qa.utilities.ElementUtil.click(ElementUtil.java:95)
	at com.orangehrm.qa.pages.CustomFieldsPage.addField(CustomFieldsPage.java:112)
	at com.orangehrm.qa.testcases.CustomFieldsPageTest.verifyEditCustomFieldAndSave(CustomFieldsPageTest.java:55)
	at java.util.ArrayList.forEach(ArrayList.java:1259)
... Removed 34 stack frames</pre></div><a href='#' onClick='toggleBox("stack-trace1988464942", this, "Click to show all stack frames", "Click to hide stack frames")'>Click to show all stack frames</a>
<div class='stack-trace' id='stack-trace1988464942'><pre>org.openqa.selenium.ElementNotInteractableException: element not interactable
  (Session info: MicrosoftEdge=93.0.961.52)
Build info: version: &apos;3.141.59&apos;, revision: &apos;e82be7d358&apos;, time: &apos;2018-11-14T08:17:03&apos;
System info: host: &apos;TRVLHGN9NN2&apos;, ip: &apos;192.168.1.2&apos;, os.name: &apos;Windows 10&apos;, os.arch: &apos;amd64&apos;, os.version: &apos;10.0&apos;, java.version: &apos;1.8.0_291&apos;
Driver info: org.openqa.selenium.edge.EdgeDriver
Capabilities {acceptInsecureCerts: false, browserName: msedge, browserVersion: 93.0.961.52, javascriptEnabled: true, ms:edgeOptions: {debuggerAddress: localhost:52525}, msedge: {msedgedriverVersion: 93.0.961.52 (55ddfa3ef85052..., userDataDir: C:\Users\RESHMA~1.AMB\AppDa...}, networkConnectionEnabled: false, pageLoadStrategy: normal, platform: WINDOWS, platformName: WINDOWS, proxy: Proxy(), setWindowRect: true, strictFileInteractability: false, timeouts: {implicit: 0, pageLoad: 300000, script: 30000}, unhandledPromptBehavior: dismiss and notify, webauthn:extension:credBlob: true, webauthn:extension:largeBlob: true, webauthn:virtualAuthenticators: true}
Session ID: 945bf8be47e9248b65809257bdce63d1
	at sun.reflect.NativeConstructorAccessorImpl.newInstance0(Native Method)
	at sun.reflect.NativeConstructorAccessorImpl.newInstance(NativeConstructorAccessorImpl.java:62)
	at sun.reflect.DelegatingConstructorAccessorImpl.newInstance(DelegatingConstructorAccessorImpl.java:45)
	at java.lang.reflect.Constructor.newInstance(Constructor.java:423)
	at org.openqa.selenium.remote.http.W3CHttpResponseCodec.createException(W3CHttpResponseCodec.java:187)
	at org.openqa.selenium.remote.http.W3CHttpResponseCodec.decode(W3CHttpResponseCodec.java:122)
	at org.openqa.selenium.remote.http.W3CHttpResponseCodec.decode(W3CHttpResponseCodec.java:49)
	at org.openqa.selenium.remote.HttpCommandExecutor.execute(HttpCommandExecutor.java:158)
	at org.openqa.selenium.remote.service.DriverCommandExecutor.execute(DriverCommandExecutor.java:83)
	at org.openqa.selenium.remote.RemoteWebDriver.execute(RemoteWebDriver.java:552)
	at org.openqa.selenium.remote.RemoteWebElement.execute(RemoteWebElement.java:285)
	at org.openqa.selenium.remote.RemoteWebElement.click(RemoteWebElement.java:84)
	at sun.reflect.GeneratedMethodAccessor3.invoke(Unknown Source)
	at sun.reflect.DelegatingMethodAccessorImpl.invoke(DelegatingMethodAccessorImpl.java:43)
	at java.lang.reflect.Method.invoke(Method.java:498)
	at org.openqa.selenium.support.pagefactory.internal.LocatingElementHandler.invoke(LocatingElementHandler.java:51)
	at com.sun.proxy.$Proxy12.click(Unknown Source)
	at com.orangehrm.qa.utilities.ElementUtil.click(ElementUtil.java:95)
	at com.orangehrm.qa.pages.CustomFieldsPage.addField(CustomFieldsPage.java:112)
	at com.orangehrm.qa.testcases.CustomFieldsPageTest.verifyEditCustomFieldAndSave(CustomFieldsPageTest.java:55)
	at sun.reflect.NativeMethodAccessorImpl.invoke0(Native Method)
	at sun.reflect.NativeMethodAccessorImpl.invoke(NativeMethodAccessorImpl.java:62)
	at sun.reflect.DelegatingMethodAccessorImpl.invoke(DelegatingMethodAccessorImpl.java:43)
	at java.lang.reflect.Method.invoke(Method.java:498)
	at org.testng.internal.MethodInvocationHelper.invokeMethod(MethodInvocationHelper.java:133)
	at org.testng.internal.TestInvoker.invokeMethod(TestInvoker.java:598)
	at org.testng.internal.TestInvoker.invokeTestMethod(TestInvoker.java:173)
	at org.testng.internal.MethodRunner.runInSequence(MethodRunner.java:46)
	at org.testng.internal.TestInvoker$MethodInvocationAgent.invoke(TestInvoker.java:824)
	at org.testng.internal.TestInvoker.invokeTestMethods(TestInvoker.java:146)
	at org.testng.internal.TestMethodWorker.invokeTestMethods(TestMethodWorker.java:146)
	at org.testng.internal.TestMethodWorker.run(TestMethodWorker.java:128)
	at java.util.ArrayList.forEach(ArrayList.java:1259)
	at org.testng.TestRunner.privateRun(TestRunner.java:794)
	at org.testng.TestRunner.run(TestRunner.java:596)
	at org.testng.SuiteRunner.runTest(SuiteRunner.java:377)
	at org.testng.SuiteRunner.runSequentially(SuiteRunner.java:371)
	at org.testng.SuiteRunner.privateRun(SuiteRunner.java:332)
	at org.testng.SuiteRunner.run(SuiteRunner.java:276)
	at org.testng.SuiteRunnerWorker.runSuite(SuiteRunnerWorker.java:53)
	at org.testng.SuiteRunnerWorker.run(SuiteRunnerWorker.java:96)
	at org.testng.TestNG.runSuitesSequentially(TestNG.java:1212)
	at org.testng.TestNG.runSuitesLocally(TestNG.java:1134)
	at org.testng.TestNG.runSuites(TestNG.java:1063)
	at org.testng.TestNG.run(TestNG.java:1031)
	at org.testng.remote.AbstractRemoteTestNG.run(AbstractRemoteTestNG.java:115)
	at org.testng.remote.RemoteTestNG.initAndRun(RemoteTestNG.java:251)
	at org.testng.remote.RemoteTestNG.main(RemoteTestNG.java:77)
</pre></div></td>
<td>0</td>
<td>com.orangehrm.qa.testcases.CustomFieldsPageTest@4fb64261</td></tr>
<tr>
<td title='com.orangehrm.qa.testcases.AddUserPageTest.verifyDelete()'><b>verifyDelete</b><br>Test class: com.orangehrm.qa.testcases.AddUserPageTest</td>
<td><div><pre>org.openqa.selenium.TimeoutException: Expected condition failed: waiting for element to be clickable: Proxy element for: DefaultElementLocator &apos;By.xpath: //input[@id=&apos;ohrmList_chkSelectAll&apos; and @name=&apos;chkSelectAll&apos;]&apos; (tried for 60 second(s) with 500 milliseconds interval)
	at org.openqa.selenium.support.ui.WebDriverWait.timeoutException(WebDriverWait.java:95)
	at org.openqa.selenium.support.ui.FluentWait.until(FluentWait.java:272)
	at com.orangehrm.qa.utilities.WaitUtil.waitForElementClick(WaitUtil.java:36)
	at com.orangehrm.qa.pages.AddUserPage.deleteAllUsers(AddUserPage.java:91)
	at com.orangehrm.qa.testcases.AddUserPageTest.verifyDelete(AddUserPageTest.java:46)
	at java.util.ArrayList.forEach(ArrayList.java:1259)
Caused by: org.openqa.selenium.NoSuchElementException: no such element: Unable to locate element: {&quot;method&quot;:&quot;xpath&quot;,&quot;selector&quot;:&quot;//input[@id=&apos;ohrmList_chkSelectAll&apos; and @name=&apos;chkSelectAll&apos;]&quot;}
  (Session info: MicrosoftEdge=93.0.961.52)
For documentation on this error, please visit: https://www.seleniumhq.org/exceptions/no_such_element.html
Build info: version: &apos;3.141.59&apos;, revision: &apos;e82be7d358&apos;, time: &apos;2018-11-14T08:17:03&apos;
System info: host: &apos;TRVLHGN9NN2&apos;, ip: &apos;192.168.1.2&apos;, os.name: &apos;Windows 10&apos;, os.arch: &apos;amd64&apos;, os.version: &apos;10.0&apos;, java.version: &apos;1.8.0_291&apos;
Driver info: org.openqa.selenium.edge.EdgeDriver
Capabilities {acceptInsecureCerts: false, browserName: msedge, browserVersion: 93.0.961.52, javascriptEnabled: true, ms:edgeOptions: {debuggerAddress: localhost:50717}, msedge: {msedgedriverVersion: 93.0.961.52 (55ddfa3ef85052..., userDataDir: C:\Users\RESHMA~1.AMB\AppDa...}, networkConnectionEnabled: false, pageLoadStrategy: normal, platform: WINDOWS, platformName: WINDOWS, proxy: Proxy(), setWindowRect: true, strictFileInteractability: false, timeouts: {implicit: 0, pageLoad: 300000, script: 30000}, unhandledPromptBehavior: dismiss and notify, webauthn:extension:credBlob: true, webauthn:extension:largeBlob: true, webauthn:virtualAuthenticators: true}
Session ID: 6baa449ab40243ccfbad2c0a33f111e3
*** Element info: {Using=xpath, value=//input[@id=&apos;ohrmList_chkSelectAll&apos; and @name=&apos;chkSelectAll&apos;]}
	at org.openqa.selenium.remote.http.W3CHttpResponseCodec.createException(W3CHttpResponseCodec.java:187)
	at org.openqa.selenium.remote.http.W3CHttpResponseCodec.decode(W3CHttpResponseCodec.java:122)
	at org.openqa.selenium.remote.http.W3CHttpResponseCodec.decode(W3CHttpResponseCodec.java:49)
	at org.openqa.selenium.remote.HttpCommandExecutor.execute(HttpCommandExecutor.java:158)
	at org.openqa.selenium.remote.service.DriverCommandExecutor.execute(DriverCommandExecutor.java:83)
	at org.openqa.selenium.remote.RemoteWebDriver.execute(RemoteWebDriver.java:552)
	at org.openqa.selenium.remote.RemoteWebDriver.findElement(RemoteWebDriver.java:323)
	at org.openqa.selenium.remote.RemoteWebDriver.findElementByXPath(RemoteWebDriver.java:428)
	at org.openqa.selenium.By$ByXPath.findElement(By.java:353)
	at org.openqa.selenium.remote.RemoteWebDriver.findElement(RemoteWebDriver.java:315)
	at org.openqa.selenium.support.pagefactory.DefaultElementLocator.findElement(DefaultElementLocator.java:69)
	at org.openqa.selenium.support.pagefactory.internal.LocatingElementHandler.invoke(LocatingElementHandler.java:38)
	at com.sun.proxy.$Proxy12.isDisplayed(Unknown Source)
	at org.openqa.selenium.support.ui.ExpectedConditions.elementIfVisible(ExpectedConditions.java:314)
	at org.openqa.selenium.support.ui.ExpectedConditions.access$000(ExpectedConditions.java:43)
	at org.openqa.selenium.support.ui.ExpectedConditions$10.apply(ExpectedConditions.java:300)
	at org.openqa.selenium.support.ui.ExpectedConditions$10.apply(ExpectedConditions.java:297)
	at org.openqa.selenium.support.ui.ExpectedConditions$23.apply(ExpectedConditions.java:670)
	at org.openqa.selenium.support.ui.ExpectedConditions$23.apply(ExpectedConditions.java:666)
	at org.openqa.selenium.support.ui.FluentWait.until(FluentWait.java:249)
	... 31 more
... Removed 30 stack frames</pre></div><a href='#' onClick='toggleBox("stack-trace588108658", this, "Click to show all stack frames", "Click to hide stack frames")'>Click to show all stack frames</a>
<div class='stack-trace' id='stack-trace588108658'><pre>org.openqa.selenium.TimeoutException: Expected condition failed: waiting for element to be clickable: Proxy element for: DefaultElementLocator &apos;By.xpath: //input[@id=&apos;ohrmList_chkSelectAll&apos; and @name=&apos;chkSelectAll&apos;]&apos; (tried for 60 second(s) with 500 milliseconds interval)
	at org.openqa.selenium.support.ui.WebDriverWait.timeoutException(WebDriverWait.java:95)
	at org.openqa.selenium.support.ui.FluentWait.until(FluentWait.java:272)
	at com.orangehrm.qa.utilities.WaitUtil.waitForElementClick(WaitUtil.java:36)
	at com.orangehrm.qa.pages.AddUserPage.deleteAllUsers(AddUserPage.java:91)
	at com.orangehrm.qa.testcases.AddUserPageTest.verifyDelete(AddUserPageTest.java:46)
	at sun.reflect.NativeMethodAccessorImpl.invoke0(Native Method)
	at sun.reflect.NativeMethodAccessorImpl.invoke(NativeMethodAccessorImpl.java:62)
	at sun.reflect.DelegatingMethodAccessorImpl.invoke(DelegatingMethodAccessorImpl.java:43)
	at java.lang.reflect.Method.invoke(Method.java:498)
	at org.testng.internal.MethodInvocationHelper.invokeMethod(MethodInvocationHelper.java:133)
	at org.testng.internal.TestInvoker.invokeMethod(TestInvoker.java:598)
	at org.testng.internal.TestInvoker.invokeTestMethod(TestInvoker.java:173)
	at org.testng.internal.MethodRunner.runInSequence(MethodRunner.java:46)
	at org.testng.internal.TestInvoker$MethodInvocationAgent.invoke(TestInvoker.java:824)
	at org.testng.internal.TestInvoker.invokeTestMethods(TestInvoker.java:146)
	at org.testng.internal.TestMethodWorker.invokeTestMethods(TestMethodWorker.java:146)
	at org.testng.internal.TestMethodWorker.run(TestMethodWorker.java:128)
	at java.util.ArrayList.forEach(ArrayList.java:1259)
	at org.testng.TestRunner.privateRun(TestRunner.java:794)
	at org.testng.TestRunner.run(TestRunner.java:596)
	at org.testng.SuiteRunner.runTest(SuiteRunner.java:377)
	at org.testng.SuiteRunner.runSequentially(SuiteRunner.java:371)
	at org.testng.SuiteRunner.privateRun(SuiteRunner.java:332)
	at org.testng.SuiteRunner.run(SuiteRunner.java:276)
	at org.testng.SuiteRunnerWorker.runSuite(SuiteRunnerWorker.java:53)
	at org.testng.SuiteRunnerWorker.run(SuiteRunnerWorker.java:96)
	at org.testng.TestNG.runSuitesSequentially(TestNG.java:1212)
	at org.testng.TestNG.runSuitesLocally(TestNG.java:1134)
	at org.testng.TestNG.runSuites(TestNG.java:1063)
	at org.testng.TestNG.run(TestNG.java:1031)
	at org.testng.remote.AbstractRemoteTestNG.run(AbstractRemoteTestNG.java:115)
	at org.testng.remote.RemoteTestNG.initAndRun(RemoteTestNG.java:251)
	at org.testng.remote.RemoteTestNG.main(RemoteTestNG.java:77)
Caused by: org.openqa.selenium.NoSuchElementException: no such element: Unable to locate element: {&quot;method&quot;:&quot;xpath&quot;,&quot;selector&quot;:&quot;//input[@id=&apos;ohrmList_chkSelectAll&apos; and @name=&apos;chkSelectAll&apos;]&quot;}
  (Session info: MicrosoftEdge=93.0.961.52)
For documentation on this error, please visit: https://www.seleniumhq.org/exceptions/no_such_element.html
Build info: version: &apos;3.141.59&apos;, revision: &apos;e82be7d358&apos;, time: &apos;2018-11-14T08:17:03&apos;
System info: host: &apos;TRVLHGN9NN2&apos;, ip: &apos;192.168.1.2&apos;, os.name: &apos;Windows 10&apos;, os.arch: &apos;amd64&apos;, os.version: &apos;10.0&apos;, java.version: &apos;1.8.0_291&apos;
Driver info: org.openqa.selenium.edge.EdgeDriver
Capabilities {acceptInsecureCerts: false, browserName: msedge, browserVersion: 93.0.961.52, javascriptEnabled: true, ms:edgeOptions: {debuggerAddress: localhost:50717}, msedge: {msedgedriverVersion: 93.0.961.52 (55ddfa3ef85052..., userDataDir: C:\Users\RESHMA~1.AMB\AppDa...}, networkConnectionEnabled: false, pageLoadStrategy: normal, platform: WINDOWS, platformName: WINDOWS, proxy: Proxy(), setWindowRect: true, strictFileInteractability: false, timeouts: {implicit: 0, pageLoad: 300000, script: 30000}, unhandledPromptBehavior: dismiss and notify, webauthn:extension:credBlob: true, webauthn:extension:largeBlob: true, webauthn:virtualAuthenticators: true}
Session ID: 6baa449ab40243ccfbad2c0a33f111e3
*** Element info: {Using=xpath, value=//input[@id=&apos;ohrmList_chkSelectAll&apos; and @name=&apos;chkSelectAll&apos;]}
	at sun.reflect.GeneratedConstructorAccessor44.newInstance(Unknown Source)
	at sun.reflect.DelegatingConstructorAccessorImpl.newInstance(DelegatingConstructorAccessorImpl.java:45)
	at java.lang.reflect.Constructor.newInstance(Constructor.java:423)
	at org.openqa.selenium.remote.http.W3CHttpResponseCodec.createException(W3CHttpResponseCodec.java:187)
	at org.openqa.selenium.remote.http.W3CHttpResponseCodec.decode(W3CHttpResponseCodec.java:122)
	at org.openqa.selenium.remote.http.W3CHttpResponseCodec.decode(W3CHttpResponseCodec.java:49)
	at org.openqa.selenium.remote.HttpCommandExecutor.execute(HttpCommandExecutor.java:158)
	at org.openqa.selenium.remote.service.DriverCommandExecutor.execute(DriverCommandExecutor.java:83)
	at org.openqa.selenium.remote.RemoteWebDriver.execute(RemoteWebDriver.java:552)
	at org.openqa.selenium.remote.RemoteWebDriver.findElement(RemoteWebDriver.java:323)
	at org.openqa.selenium.remote.RemoteWebDriver.findElementByXPath(RemoteWebDriver.java:428)
	at org.openqa.selenium.By$ByXPath.findElement(By.java:353)
	at org.openqa.selenium.remote.RemoteWebDriver.findElement(RemoteWebDriver.java:315)
	at org.openqa.selenium.support.pagefactory.DefaultElementLocator.findElement(DefaultElementLocator.java:69)
	at org.openqa.selenium.support.pagefactory.internal.LocatingElementHandler.invoke(LocatingElementHandler.java:38)
	at com.sun.proxy.$Proxy12.isDisplayed(Unknown Source)
	at org.openqa.selenium.support.ui.ExpectedConditions.elementIfVisible(ExpectedConditions.java:314)
	at org.openqa.selenium.support.ui.ExpectedConditions.access$000(ExpectedConditions.java:43)
	at org.openqa.selenium.support.ui.ExpectedConditions$10.apply(ExpectedConditions.java:300)
	at org.openqa.selenium.support.ui.ExpectedConditions$10.apply(ExpectedConditions.java:297)
	at org.openqa.selenium.support.ui.ExpectedConditions$23.apply(ExpectedConditions.java:670)
	at org.openqa.selenium.support.ui.ExpectedConditions$23.apply(ExpectedConditions.java:666)
	at org.openqa.selenium.support.ui.FluentWait.until(FluentWait.java:249)
	... 31 more
</pre></div></td>
<td>60</td>
<td>com.orangehrm.qa.testcases.AddUserPageTest@396e2f39</td></tr>
</table><p>
<table width='100%' border='1' class='invocation-passed'>
<tr><td colspan='4' align='center'><b>PASSED TESTS</b></td></tr>
<tr><td><b>Test method</b></td>
<td width="30%"><b>Exception</b></td>
<td width="10%"><b>Time (seconds)</b></td>
<td><b>Instance</b></td>
</tr>
<tr>
<td title='com.orangehrm.qa.testcases.MyInfoContactDetailsPageTest.verifyContactDetailsPageNav()'><b>verifyContactDetailsPageNav</b><br>Test class: com.orangehrm.qa.testcases.MyInfoContactDetailsPageTest</td>
<td></td>
<td>4</td>
<td>com.orangehrm.qa.testcases.MyInfoContactDetailsPageTest@3891771e</td></tr>
<tr>
<td title='com.orangehrm.qa.testcases.AdminPageTest.verifyAdminPageAction()'><b>verifyAdminPageAction</b><br>Test class: com.orangehrm.qa.testcases.AdminPageTest</td>
<td></td>
<td>5</td>
<td>com.orangehrm.qa.testcases.AdminPageTest@2de8284b</td></tr>
<tr>
<td title='com.orangehrm.qa.testcases.MyInfoContactDetailsPageTest.setUp()'><b>setUp</b><br>Test class: com.orangehrm.qa.testcases.MyInfoContactDetailsPageTest</td>
<td></td>
<td>7</td>
<td>com.orangehrm.qa.testcases.MyInfoContactDetailsPageTest@3891771e</td></tr>
<tr>
<td title='com.orangehrm.qa.testcases.EditUserPageTest.verifyEditUserPageTest()'><b>verifyEditUserPageTest</b><br>Test class: com.orangehrm.qa.testcases.EditUserPageTest<br>Parameters: Pandit, Orangehrm123_$, Orangehrm123_$</td>
<td></td>
<td>0</td>
<td>com.orangehrm.qa.testcases.EditUserPageTest@a74868d</td></tr>
<tr>
<td title='com.orangehrm.qa.testcases.EditUserPageTest.userPageNavigation()'><b>userPageNavigation</b><br>Test class: com.orangehrm.qa.testcases.EditUserPageTest</td>
<td></td>
<td>4</td>
<td>com.orangehrm.qa.testcases.EditUserPageTest@a74868d</td></tr>
<tr>
<td title='com.orangehrm.qa.testcases.MyInfoContactDetailsPageTest.verifySaveContactDetailsTest()'><b>verifySaveContactDetailsTest</b><br>Test class: com.orangehrm.qa.testcases.MyInfoContactDetailsPageTest<br>Parameters: 4352 Ferry Street, 3662 Windy Ridge Road, Cary, California, d@dh.com, d@d.com</td>
<td></td>
<td>3</td>
<td>com.orangehrm.qa.testcases.MyInfoContactDetailsPageTest@3891771e</td></tr>
<tr>
<td title='com.orangehrm.qa.testcases.CsvDataImportaPageTest.verifySetUp()'><b>verifySetUp</b><br>Test class: com.orangehrm.qa.testcases.CsvDataImportaPageTest</td>
<td></td>
<td>6</td>
<td>com.orangehrm.qa.testcases.CsvDataImportaPageTest@42607a4f</td></tr>
<tr>
<td title='com.orangehrm.qa.testcases.EditUserPageTest.verifySetUp()'><b>verifySetUp</b><br>Test class: com.orangehrm.qa.testcases.EditUserPageTest</td>
<td></td>
<td>8</td>
<td>com.orangehrm.qa.testcases.EditUserPageTest@a74868d</td></tr>
<tr>
<td title='com.orangehrm.qa.testcases.PIMReportsPageTest.verifySetUp()'><b>verifySetUp</b><br>Test class: com.orangehrm.qa.testcases.PIMReportsPageTest</td>
<td></td>
<td>6</td>
<td>com.orangehrm.qa.testcases.PIMReportsPageTest@18bf3d14</td></tr>
<tr>
<td title='com.orangehrm.qa.testcases.PIMReportsPageTest.verifyDelete()'><b>verifyDelete</b><br>Test class: com.orangehrm.qa.testcases.PIMReportsPageTest</td>
<td></td>
<td>1</td>
<td>com.orangehrm.qa.testcases.PIMReportsPageTest@18bf3d14</td></tr>
<tr>
<td title='com.orangehrm.qa.testcases.CustomFieldsPageTest.verifySetUp()'><b>verifySetUp</b><br>Test class: com.orangehrm.qa.testcases.CustomFieldsPageTest</td>
<td></td>
<td>6</td>
<td>com.orangehrm.qa.testcases.CustomFieldsPageTest@4fb64261</td></tr>
<tr>
<td title='com.orangehrm.qa.testcases.CsvDataImportaPageTest.verifyCsvDataDownloadTest()'><b>verifyCsvDataDownloadTest</b><br>Test class: com.orangehrm.qa.testcases.CsvDataImportaPageTest</td>
<td></td>
<td>1</td>
<td>com.orangehrm.qa.testcases.CsvDataImportaPageTest@42607a4f</td></tr>
<tr>
<td title='com.orangehrm.qa.testcases.DependentsPageTest.verifyEditDepAction()'><b>verifyEditDepAction</b><br>Test class: com.orangehrm.qa.testcases.DependentsPageTest<br>Parameters: Patrick, 2021-09-17, Pandit1</td>
<td></td>
<td>23</td>
<td>com.orangehrm.qa.testcases.DependentsPageTest@78ac1102</td></tr>
<tr>
<td title='com.orangehrm.qa.testcases.ConfigurePIMPageTest.verifyEditShowAndCountryOptionTest()'><b>verifyEditShowAndCountryOptionTest</b><br>Test class: com.orangehrm.qa.testcases.ConfigurePIMPageTest</td>
<td></td>
<td>1</td>
<td>com.orangehrm.qa.testcases.ConfigurePIMPageTest@365185bd</td></tr>
<tr>
<td title='com.orangehrm.qa.testcases.DashBoardPageTest.verifyDashbBoardElementsDisplayAndLogin()'><b>verifyDashbBoardElementsDisplayAndLogin</b><br>Test class: com.orangehrm.qa.testcases.DashBoardPageTest</td>
<td></td>
<td>6</td>
<td>com.orangehrm.qa.testcases.DashBoardPageTest@17d0685f</td></tr>
<tr>
<td title='com.orangehrm.qa.testcases.LoginPageTest.verifyLoginPageTest()'><b>verifyLoginPageTest</b><br>Test class: com.orangehrm.qa.testcases.LoginPageTest</td>
<td></td>
<td>6</td>
<td>com.orangehrm.qa.testcases.LoginPageTest@22eeefeb</td></tr>
<tr>
<td title='com.orangehrm.qa.testcases.MyInfoContactDetailsPageTest.verifyContactAttachmentsTest()'><b>verifyContactAttachmentsTest</b><br>Test class: com.orangehrm.qa.testcases.MyInfoContactDetailsPageTest</td>
<td></td>
<td>9</td>
<td>com.orangehrm.qa.testcases.MyInfoContactDetailsPageTest@3891771e</td></tr>
<tr>
<td title='com.orangehrm.qa.testcases.AssignLeavePageTest.verifyAssignpageTest()'><b>verifyAssignpageTest</b><br>Test class: com.orangehrm.qa.testcases.AssignLeavePageTest<br>Parameters: Orange Test, 2021-09-16, 2021-09-16, Leave</td>
<td></td>
<td>2</td>
<td>com.orangehrm.qa.testcases.AssignLeavePageTest@12c8a2c0</td></tr>
<tr>
<td title='com.orangehrm.qa.testcases.PIMReportsPageTest.verifyAddReportTest()'><b>verifyAddReportTest</b><br>Test class: com.orangehrm.qa.testcases.PIMReportsPageTest<br>Parameters: Report1</td>
<td></td>
<td>5</td>
<td>com.orangehrm.qa.testcases.PIMReportsPageTest@18bf3d14</td></tr>
<tr>
<td title='com.orangehrm.qa.testcases.AddUserPageTest.verifySetUp()'><b>verifySetUp</b><br>Test class: com.orangehrm.qa.testcases.AddUserPageTest</td>
<td></td>
<td>17</td>
<td>com.orangehrm.qa.testcases.AddUserPageTest@396e2f39</td></tr>
<tr>
<td title='com.orangehrm.qa.testcases.DependentsPageTest.verifyEditDepAction()'><b>verifyEditDepAction</b><br>Test class: com.orangehrm.qa.testcases.DependentsPageTest<br>Parameters: Patrick2, 2021-09-18, Ram2</td>
<td></td>
<td>16</td>
<td>com.orangehrm.qa.testcases.DependentsPageTest@78ac1102</td></tr>
<tr>
<td title='com.orangehrm.qa.testcases.ConfigurePIMPageTest.verifyConfigurePIMPageElementsTest()'><b>verifyConfigurePIMPageElementsTest</b><br>Test class: com.orangehrm.qa.testcases.ConfigurePIMPageTest</td>
<td></td>
<td>1</td>
<td>com.orangehrm.qa.testcases.ConfigurePIMPageTest@365185bd</td></tr>
<tr>
<td title='com.orangehrm.qa.testcases.AddUserPageTest.verifyaddUserActionTest()'><b>verifyaddUserActionTest</b><br>Test class: com.orangehrm.qa.testcases.AddUserPageTest<br>Parameters: Orange Test, Orange user1, Orangehrm_123$, Orangehrm_123$</td>
<td></td>
<td>0</td>
<td>com.orangehrm.qa.testcases.AddUserPageTest@396e2f39</td></tr>
<tr>
<td title='com.orangehrm.qa.testcases.AdminPageTest.verifyAdminPageAddUser()'><b>verifyAdminPageAddUser</b><br>Test class: com.orangehrm.qa.testcases.AdminPageTest</td>
<td></td>
<td>3</td>
<td>com.orangehrm.qa.testcases.AdminPageTest@2de8284b</td></tr>
<tr>
<td title='com.orangehrm.qa.testcases.AdminPageTest.verifyAdminDeleteUser()'><b>verifyAdminDeleteUser</b><br>Test class: com.orangehrm.qa.testcases.AdminPageTest</td>
<td></td>
<td>3</td>
<td>com.orangehrm.qa.testcases.AdminPageTest@2de8284b</td></tr>
<tr>
<td title='com.orangehrm.qa.testcases.ConfigurePIMPageTest.verifySetUp()'><b>verifySetUp</b><br>Test class: com.orangehrm.qa.testcases.ConfigurePIMPageTest</td>
<td></td>
<td>6</td>
<td>com.orangehrm.qa.testcases.ConfigurePIMPageTest@365185bd</td></tr>
<tr>
<td title='com.orangehrm.qa.testcases.LeaveEntitlementsPageTest.verifySetUp()'><b>verifySetUp</b><br>Test class: com.orangehrm.qa.testcases.LeaveEntitlementsPageTest</td>
<td></td>
<td>6</td>
<td>com.orangehrm.qa.testcases.LeaveEntitlementsPageTest@7e0e6aa2</td></tr>
<tr>
<td title='com.orangehrm.qa.testcases.PIMReportsPageTest.verifySortReportAndEditTest()'><b>verifySortReportAndEditTest</b><br>Test class: com.orangehrm.qa.testcases.PIMReportsPageTest</td>
<td></td>
<td>8</td>
<td>com.orangehrm.qa.testcases.PIMReportsPageTest@18bf3d14</td></tr>
<tr>
<td title='com.orangehrm.qa.testcases.DashBoardPageTest.verifyLogOutAction()'><b>verifyLogOutAction</b><br>Test class: com.orangehrm.qa.testcases.DashBoardPageTest</td>
<td></td>
<td>1</td>
<td>com.orangehrm.qa.testcases.DashBoardPageTest@17d0685f</td></tr>
<tr>
<td title='com.orangehrm.qa.testcases.AssignLeavePageTest.setUp()'><b>setUp</b><br>Test class: com.orangehrm.qa.testcases.AssignLeavePageTest</td>
<td></td>
<td>8</td>
<td>com.orangehrm.qa.testcases.AssignLeavePageTest@12c8a2c0</td></tr>
<tr>
<td title='com.orangehrm.qa.testcases.CsvDataImportaPageTest.verifyCsvDataUploadTest()'><b>verifyCsvDataUploadTest</b><br>Test class: com.orangehrm.qa.testcases.CsvDataImportaPageTest</td>
<td></td>
<td>3</td>
<td>com.orangehrm.qa.testcases.CsvDataImportaPageTest@42607a4f</td></tr>
<tr>
<td title='com.orangehrm.qa.testcases.DependentsPageTest.verifySetUp()'><b>verifySetUp</b><br>Test class: com.orangehrm.qa.testcases.DependentsPageTest</td>
<td></td>
<td>9</td>
<td>com.orangehrm.qa.testcases.DependentsPageTest@78ac1102</td></tr>
<tr>
<td title='com.orangehrm.qa.testcases.ConfigurePIMPageTest.verifyEditAllConfigurePIMPageTest()'><b>verifyEditAllConfigurePIMPageTest</b><br>Test class: com.orangehrm.qa.testcases.ConfigurePIMPageTest</td>
<td></td>
<td>1</td>
<td>com.orangehrm.qa.testcases.ConfigurePIMPageTest@365185bd</td></tr>
<tr>
<td title='com.orangehrm.qa.testcases.AdminPageTest.verifySetUp()'><b>verifySetUp</b><br>Test class: com.orangehrm.qa.testcases.AdminPageTest</td>
<td></td>
<td>6</td>
<td>com.orangehrm.qa.testcases.AdminPageTest@2de8284b</td></tr>
<tr>
<td title='com.orangehrm.qa.testcases.LeaveEntitlementsPageTest.verifyEnterLeaveMultipleEmployees()'><b>verifyEnterLeaveMultipleEmployees</b><br>Test class: com.orangehrm.qa.testcases.LeaveEntitlementsPageTest<br>Parameters: Orange Test, 30.18</td>
<td></td>
<td>3</td>
<td>com.orangehrm.qa.testcases.LeaveEntitlementsPageTest@7e0e6aa2</td></tr>
</table><p>
</body>
</html>