<?xml version="1.0" encoding="UTF-8"?>
<!-- Generated by org.testng.reporters.JUnitXMLReporter -->
<testsuite hostname="TRVLHGN9NN2" ignored="5" name="Test2" tests="39" failures="4" timestamp="2021-09-21T09:36:13 IST" time="366.424" errors="0">
  <testcase name="verifyLoginPageTest" time="6.998" classname="com.orangehrm.qa.testcases.LoginPageTest"/>
  <testcase name="verifyDashbBoardElementsDisplayAndLogin" time="6.862" classname="com.orangehrm.qa.testcases.DashBoardPageTest"/>
  <testcase name="verifyLogOutAction" time="1.736" classname="com.orangehrm.qa.testcases.DashBoardPageTest"/>
  <testcase name="setUp" time="7.449" classname="com.orangehrm.qa.testcases.MyInfoContactDetailsPageTest"/>
  <testcase name="verifyContactDetailsPageNav" time="4.257" classname="com.orangehrm.qa.testcases.MyInfoContactDetailsPageTest"/>
  <testcase name="verifySaveContactDetailsTest" time="3.828" classname="com.orangehrm.qa.testcases.MyInfoContactDetailsPageTest"/>
  <testcase name="verifyContactAttachmentsTest" time="9.321" classname="com.orangehrm.qa.testcases.MyInfoContactDetailsPageTest"/>
  <testcase name="verifySetUp" time="9.494" classname="com.orangehrm.qa.testcases.DependentsPageTest"/>
  <testcase name="verifyEditDepAction" time="23.868" classname="com.orangehrm.qa.testcases.DependentsPageTest"/>
  <testcase name="verifyEditDepAction" time="16.687" classname="com.orangehrm.qa.testcases.DependentsPageTest"/>
  <testcase name="verifySetUp" time="6.878" classname="com.orangehrm.qa.testcases.AdminPageTest"/>
  <testcase name="verifyAdminPageAction" time="5.756" classname="com.orangehrm.qa.testcases.AdminPageTest"/>
  <testcase name="verifyAdminPageAddUser" time="3.247" classname="com.orangehrm.qa.testcases.AdminPageTest"/>
  <testcase name="verifyAdminDeleteUser" time="3.265" classname="com.orangehrm.qa.testcases.AdminPageTest"/>
  <testcase name="verifySetUp" time="17.706" classname="com.orangehrm.qa.testcases.AddUserPageTest"/>
  <testcase name="verifyaddUserActionTest" time="0.798" classname="com.orangehrm.qa.testcases.AddUserPageTest"/>
  <testcase name="verifyDelete" time="60.127" classname="com.orangehrm.qa.testcases.AddUserPageTest">
    <failure type="org.openqa.selenium.TimeoutException" message="Expected condition failed: waiting for element to be clickable: Proxy element for: DefaultElementLocator &amp;apos;By.xpath: //input[@id=&amp;apos;ohrmList_chkSelectAll&amp;apos; and @name=&amp;apos;chkSelectAll&amp;apos;]&amp;apos; (tried for 60 second(s) with 500 milliseconds interval)">
      <![CDATA[org.openqa.selenium.TimeoutException: Expected condition failed: waiting for element to be clickable: Proxy element for: DefaultElementLocator 'By.xpath: //input[@id='ohrmList_chkSelectAll' and @name='chkSelectAll']' (tried for 60 second(s) with 500 milliseconds interval)
at org.openqa.selenium.support.ui.WebDriverWait.timeoutException(WebDriverWait.java:95)
at org.openqa.selenium.support.ui.FluentWait.until(FluentWait.java:272)
at com.orangehrm.qa.utilities.WaitUtil.waitForElementClick(WaitUtil.java:36)
at com.orangehrm.qa.pages.AddUserPage.deleteAllUsers(AddUserPage.java:91)
at com.orangehrm.qa.testcases.AddUserPageTest.verifyDelete(AddUserPageTest.java:46)
at java.util.ArrayList.forEach(ArrayList.java:1259)
Caused by: org.openqa.selenium.NoSuchElementException: no such element: Unable to locate element: {"method":"xpath","selector":"//input[@id='ohrmList_chkSelectAll' and @name='chkSelectAll']"}
  (Session info: MicrosoftEdge=93.0.961.52)
For documentation on this error, please visit: https://www.seleniumhq.org/exceptions/no_such_element.html
Build info: version: '3.141.59', revision: 'e82be7d358', time: '2018-11-14T08:17:03'
System info: host: 'TRVLHGN9NN2', ip: '192.168.1.2', os.name: 'Windows 10', os.arch: 'amd64', os.version: '10.0', java.version: '1.8.0_291'
Driver info: org.openqa.selenium.edge.EdgeDriver
Capabilities {acceptInsecureCerts: false, browserName: msedge, browserVersion: 93.0.961.52, javascriptEnabled: true, ms:edgeOptions: {debuggerAddress: localhost:50717}, msedge: {msedgedriverVersion: 93.0.961.52 (55ddfa3ef85052..., userDataDir: C:\Users\RESHMA~1.AMB\AppDa...}, networkConnectionEnabled: false, pageLoadStrategy: normal, platform: WINDOWS, platformName: WINDOWS, proxy: Proxy(), setWindowRect: true, strictFileInteractability: false, timeouts: {implicit: 0, pageLoad: 300000, script: 30000}, unhandledPromptBehavior: dismiss and notify, webauthn:extension:credBlob: true, webauthn:extension:largeBlob: true, webauthn:virtualAuthenticators: true}
Session ID: 6baa449ab40243ccfbad2c0a33f111e3
*** Element info: {Using=xpath, value=//input[@id='ohrmList_chkSelectAll' and @name='chkSelectAll']}
at org.openqa.selenium.remote.http.W3CHttpResponseCodec.createException(W3CHttpResponseCodec.java:187)
at org.openqa.selenium.remote.http.W3CHttpResponseCodec.decode(W3CHttpResponseCodec.java:122)
at org.openqa.selenium.remote.http.W3CHttpResponseCodec.decode(W3CHttpResponseCodec.java:49)
at org.openqa.selenium.remote.HttpCommandExecutor.execute(HttpCommandExecutor.java:158)
at org.openqa.selenium.remote.service.DriverCommandExecutor.execute(DriverCommandExecutor.java:83)
at org.openqa.selenium.remote.RemoteWebDriver.execute(RemoteWebDriver.java:552)
at org.openqa.selenium.remote.RemoteWebDriver.findElement(RemoteWebDriver.java:323)
at org.openqa.selenium.remote.RemoteWebDriver.findElementByXPath(RemoteWebDriver.java:428)
at org.openqa.selenium.By$ByXPath.findElement(By.java:353)
at org.openqa.selenium.remote.RemoteWebDriver.findElement(RemoteWebDriver.java:315)
at org.openqa.selenium.support.pagefactory.DefaultElementLocator.findElement(DefaultElementLocator.java:69)
at org.openqa.selenium.support.pagefactory.internal.LocatingElementHandler.invoke(LocatingElementHandler.java:38)
at com.sun.proxy.$Proxy12.isDisplayed(Unknown Source)
at org.openqa.selenium.support.ui.ExpectedConditions.elementIfVisible(ExpectedConditions.java:314)
at org.openqa.selenium.support.ui.ExpectedConditions.access$000(ExpectedConditions.java:43)
at org.openqa.selenium.support.ui.ExpectedConditions$10.apply(ExpectedConditions.java:300)
at org.openqa.selenium.support.ui.ExpectedConditions$10.apply(ExpectedConditions.java:297)
at org.openqa.selenium.support.ui.ExpectedConditions$23.apply(ExpectedConditions.java:670)
at org.openqa.selenium.support.ui.ExpectedConditions$23.apply(ExpectedConditions.java:666)
at org.openqa.selenium.support.ui.FluentWait.until(FluentWait.java:249)
... 31 more
... Removed 30 stack frames]]>
    </failure>
  </testcase> <!-- verifyDelete -->
  <testcase name="verifySetUp" time="8.631" classname="com.orangehrm.qa.testcases.EditUserPageTest"/>
  <testcase name="userPageNavigation" time="4.038" classname="com.orangehrm.qa.testcases.EditUserPageTest"/>
  <testcase name="verifyEditUserPageTest" time="0.492" classname="com.orangehrm.qa.testcases.EditUserPageTest"/>
  <testcase name="setUp" time="8.593" classname="com.orangehrm.qa.testcases.AssignLeavePageTest"/>
  <testcase name="verifyAssignpageTest" time="2.373" classname="com.orangehrm.qa.testcases.AssignLeavePageTest"/>
  <testcase name="verifySetUp" time="6.085" classname="com.orangehrm.qa.testcases.LeaveEntitlementsPageTest"/>
  <testcase name="verifyEnterLeaveMultipleEmployees" time="3.063" classname="com.orangehrm.qa.testcases.LeaveEntitlementsPageTest"/>
  <testcase name="verifySetUp" time="6.182" classname="com.orangehrm.qa.testcases.ConfigurePIMPageTest"/>
  <testcase name="verifyConfigurePIMPageElementsTest" time="1.997" classname="com.orangehrm.qa.testcases.ConfigurePIMPageTest"/>
  <testcase name="verifyEditAllConfigurePIMPageTest" time="1.659" classname="com.orangehrm.qa.testcases.ConfigurePIMPageTest"/>
  <testcase name="verifyEditShowAndCountryOptionTest" time="1.508" classname="com.orangehrm.qa.testcases.ConfigurePIMPageTest"/>
  <testcase name="verifySetUp" time="6.716" classname="com.orangehrm.qa.testcases.PIMReportsPageTest"/>
  <testcase name="verifyAddReportTest" time="5.985" classname="com.orangehrm.qa.testcases.PIMReportsPageTest"/>
  <testcase name="verifySortReportAndEditTest" time="8.302" classname="com.orangehrm.qa.testcases.PIMReportsPageTest"/>
  <testcase name="verifyDelete" time="1.972" classname="com.orangehrm.qa.testcases.PIMReportsPageTest"/>
  <testcase name="verifySetUp" time="6.374" classname="com.orangehrm.qa.testcases.CustomFieldsPageTest"/>
  <testcase name="verifyCustomFieldPageNav" time="2.015" classname="com.orangehrm.qa.testcases.CustomFieldsPageTest">
    <failure type="org.openqa.selenium.ElementNotInteractableException" message="element not interactable
  (Session info: MicrosoftEdge=93.0.961.52)
Build info: version: &amp;apos;3.141.59&amp;apos;, revision: &amp;apos;e82be7d358&amp;apos;, time: &amp;apos;2018-11-14T08:17:03&amp;apos;
System info: host: &amp;apos;TRVLHGN9NN2&amp;apos;, ip: &amp;apos;192.168.1.2&amp;apos;, os.name: &amp;apos;Windows 10&amp;apos;, os.arch: &amp;apos;amd64&amp;apos;, os.version: &amp;apos;10.0&amp;apos;, java.version: &amp;apos;1.8.0_291&amp;apos;
Driver info: org.openqa.selenium.edge.EdgeDriver
Capabilities {acceptInsecureCerts: false, browserName: msedge, browserVersion: 93.0.961.52, javascriptEnabled: true, ms:edgeOptions: {debuggerAddress: localhost:52525}, msedge: {msedgedriverVersion: 93.0.961.52 (55ddfa3ef85052..., userDataDir: C:\Users\RESHMA~1.AMB\AppDa...}, networkConnectionEnabled: false, pageLoadStrategy: normal, platform: WINDOWS, platformName: WINDOWS, proxy: Proxy(), setWindowRect: true, strictFileInteractability: false, timeouts: {implicit: 0, pageLoad: 300000, script: 30000}, unhandledPromptBehavior: dismiss and notify, webauthn:extension:credBlob: true, webauthn:extension:largeBlob: true, webauthn:virtualAuthenticators: true}
Session ID: 945bf8be47e9248b65809257bdce63d1">
      <![CDATA[org.openqa.selenium.ElementNotInteractableException: element not interactable
  (Session info: MicrosoftEdge=93.0.961.52)
Build info: version: '3.141.59', revision: 'e82be7d358', time: '2018-11-14T08:17:03'
System info: host: 'TRVLHGN9NN2', ip: '192.168.1.2', os.name: 'Windows 10', os.arch: 'amd64', os.version: '10.0', java.version: '1.8.0_291'
Driver info: org.openqa.selenium.edge.EdgeDriver
Capabilities {acceptInsecureCerts: false, browserName: msedge, browserVersion: 93.0.961.52, javascriptEnabled: true, ms:edgeOptions: {debuggerAddress: localhost:52525}, msedge: {msedgedriverVersion: 93.0.961.52 (55ddfa3ef85052..., userDataDir: C:\Users\RESHMA~1.AMB\AppDa...}, networkConnectionEnabled: false, pageLoadStrategy: normal, platform: WINDOWS, platformName: WINDOWS, proxy: Proxy(), setWindowRect: true, strictFileInteractability: false, timeouts: {implicit: 0, pageLoad: 300000, script: 30000}, unhandledPromptBehavior: dismiss and notify, webauthn:extension:credBlob: true, webauthn:extension:largeBlob: true, webauthn:virtualAuthenticators: true}
Session ID: 945bf8be47e9248b65809257bdce63d1
at org.openqa.selenium.remote.http.W3CHttpResponseCodec.createException(W3CHttpResponseCodec.java:187)
at org.openqa.selenium.remote.http.W3CHttpResponseCodec.decode(W3CHttpResponseCodec.java:122)
at org.openqa.selenium.remote.http.W3CHttpResponseCodec.decode(W3CHttpResponseCodec.java:49)
at org.openqa.selenium.remote.HttpCommandExecutor.execute(HttpCommandExecutor.java:158)
at org.openqa.selenium.remote.service.DriverCommandExecutor.execute(DriverCommandExecutor.java:83)
at org.openqa.selenium.remote.RemoteWebDriver.execute(RemoteWebDriver.java:552)
at org.openqa.selenium.remote.RemoteWebElement.execute(RemoteWebElement.java:285)
at org.openqa.selenium.remote.RemoteWebElement.click(RemoteWebElement.java:84)
at org.openqa.selenium.support.pagefactory.internal.LocatingElementHandler.invoke(LocatingElementHandler.java:51)
at com.sun.proxy.$Proxy12.click(Unknown Source)
at com.orangehrm.qa.utilities.ElementUtil.click(ElementUtil.java:95)
at com.orangehrm.qa.pages.CustomFieldsPage.addField(CustomFieldsPage.java:112)
at com.orangehrm.qa.testcases.CustomFieldsPageTest.verifyCustomFieldPageNav(CustomFieldsPageTest.java:28)
at java.util.ArrayList.forEach(ArrayList.java:1259)
... Removed 34 stack frames]]>
    </failure>
  </testcase> <!-- verifyCustomFieldPageNav -->
  <testcase name="verifyCustomFieldAddAndCancel" time="1.341" classname="com.orangehrm.qa.testcases.CustomFieldsPageTest">
    <failure type="org.openqa.selenium.ElementNotInteractableException" message="element not interactable
  (Session info: MicrosoftEdge=93.0.961.52)
Build info: version: &amp;apos;3.141.59&amp;apos;, revision: &amp;apos;e82be7d358&amp;apos;, time: &amp;apos;2018-11-14T08:17:03&amp;apos;
System info: host: &amp;apos;TRVLHGN9NN2&amp;apos;, ip: &amp;apos;192.168.1.2&amp;apos;, os.name: &amp;apos;Windows 10&amp;apos;, os.arch: &amp;apos;amd64&amp;apos;, os.version: &amp;apos;10.0&amp;apos;, java.version: &amp;apos;1.8.0_291&amp;apos;
Driver info: org.openqa.selenium.edge.EdgeDriver
Capabilities {acceptInsecureCerts: false, browserName: msedge, browserVersion: 93.0.961.52, javascriptEnabled: true, ms:edgeOptions: {debuggerAddress: localhost:52525}, msedge: {msedgedriverVersion: 93.0.961.52 (55ddfa3ef85052..., userDataDir: C:\Users\RESHMA~1.AMB\AppDa...}, networkConnectionEnabled: false, pageLoadStrategy: normal, platform: WINDOWS, platformName: WINDOWS, proxy: Proxy(), setWindowRect: true, strictFileInteractability: false, timeouts: {implicit: 0, pageLoad: 300000, script: 30000}, unhandledPromptBehavior: dismiss and notify, webauthn:extension:credBlob: true, webauthn:extension:largeBlob: true, webauthn:virtualAuthenticators: true}
Session ID: 945bf8be47e9248b65809257bdce63d1">
      <![CDATA[org.openqa.selenium.ElementNotInteractableException: element not interactable
  (Session info: MicrosoftEdge=93.0.961.52)
Build info: version: '3.141.59', revision: 'e82be7d358', time: '2018-11-14T08:17:03'
System info: host: 'TRVLHGN9NN2', ip: '192.168.1.2', os.name: 'Windows 10', os.arch: 'amd64', os.version: '10.0', java.version: '1.8.0_291'
Driver info: org.openqa.selenium.edge.EdgeDriver
Capabilities {acceptInsecureCerts: false, browserName: msedge, browserVersion: 93.0.961.52, javascriptEnabled: true, ms:edgeOptions: {debuggerAddress: localhost:52525}, msedge: {msedgedriverVersion: 93.0.961.52 (55ddfa3ef85052..., userDataDir: C:\Users\RESHMA~1.AMB\AppDa...}, networkConnectionEnabled: false, pageLoadStrategy: normal, platform: WINDOWS, platformName: WINDOWS, proxy: Proxy(), setWindowRect: true, strictFileInteractability: false, timeouts: {implicit: 0, pageLoad: 300000, script: 30000}, unhandledPromptBehavior: dismiss and notify, webauthn:extension:credBlob: true, webauthn:extension:largeBlob: true, webauthn:virtualAuthenticators: true}
Session ID: 945bf8be47e9248b65809257bdce63d1
at org.openqa.selenium.remote.http.W3CHttpResponseCodec.createException(W3CHttpResponseCodec.java:187)
at org.openqa.selenium.remote.http.W3CHttpResponseCodec.decode(W3CHttpResponseCodec.java:122)
at org.openqa.selenium.remote.http.W3CHttpResponseCodec.decode(W3CHttpResponseCodec.java:49)
at org.openqa.selenium.remote.HttpCommandExecutor.execute(HttpCommandExecutor.java:158)
at org.openqa.selenium.remote.service.DriverCommandExecutor.execute(DriverCommandExecutor.java:83)
at org.openqa.selenium.remote.RemoteWebDriver.execute(RemoteWebDriver.java:552)
at org.openqa.selenium.remote.RemoteWebElement.execute(RemoteWebElement.java:285)
at org.openqa.selenium.remote.RemoteWebElement.click(RemoteWebElement.java:84)
at org.openqa.selenium.support.pagefactory.internal.LocatingElementHandler.invoke(LocatingElementHandler.java:51)
at com.sun.proxy.$Proxy12.click(Unknown Source)
at com.orangehrm.qa.utilities.ElementUtil.click(ElementUtil.java:95)
at com.orangehrm.qa.pages.CustomFieldsPage.cancelField(CustomFieldsPage.java:124)
at com.orangehrm.qa.testcases.CustomFieldsPageTest.verifyCustomFieldAddAndCancel(CustomFieldsPageTest.java:43)
at java.util.ArrayList.forEach(ArrayList.java:1259)
... Removed 34 stack frames]]>
    </failure>
  </testcase> <!-- verifyCustomFieldAddAndCancel -->
  <testcase name="verifyEditCustomFieldAndSave" time="0.019" classname="com.orangehrm.qa.testcases.CustomFieldsPageTest">
    <failure type="org.openqa.selenium.ElementNotInteractableException" message="element not interactable
  (Session info: MicrosoftEdge=93.0.961.52)
Build info: version: &amp;apos;3.141.59&amp;apos;, revision: &amp;apos;e82be7d358&amp;apos;, time: &amp;apos;2018-11-14T08:17:03&amp;apos;
System info: host: &amp;apos;TRVLHGN9NN2&amp;apos;, ip: &amp;apos;192.168.1.2&amp;apos;, os.name: &amp;apos;Windows 10&amp;apos;, os.arch: &amp;apos;amd64&amp;apos;, os.version: &amp;apos;10.0&amp;apos;, java.version: &amp;apos;1.8.0_291&amp;apos;
Driver info: org.openqa.selenium.edge.EdgeDriver
Capabilities {acceptInsecureCerts: false, browserName: msedge, browserVersion: 93.0.961.52, javascriptEnabled: true, ms:edgeOptions: {debuggerAddress: localhost:52525}, msedge: {msedgedriverVersion: 93.0.961.52 (55ddfa3ef85052..., userDataDir: C:\Users\RESHMA~1.AMB\AppDa...}, networkConnectionEnabled: false, pageLoadStrategy: normal, platform: WINDOWS, platformName: WINDOWS, proxy: Proxy(), setWindowRect: true, strictFileInteractability: false, timeouts: {implicit: 0, pageLoad: 300000, script: 30000}, unhandledPromptBehavior: dismiss and notify, webauthn:extension:credBlob: true, webauthn:extension:largeBlob: true, webauthn:virtualAuthenticators: true}
Session ID: 945bf8be47e9248b65809257bdce63d1">
      <![CDATA[org.openqa.selenium.ElementNotInteractableException: element not interactable
  (Session info: MicrosoftEdge=93.0.961.52)
Build info: version: '3.141.59', revision: 'e82be7d358', time: '2018-11-14T08:17:03'
System info: host: 'TRVLHGN9NN2', ip: '192.168.1.2', os.name: 'Windows 10', os.arch: 'amd64', os.version: '10.0', java.version: '1.8.0_291'
Driver info: org.openqa.selenium.edge.EdgeDriver
Capabilities {acceptInsecureCerts: false, browserName: msedge, browserVersion: 93.0.961.52, javascriptEnabled: true, ms:edgeOptions: {debuggerAddress: localhost:52525}, msedge: {msedgedriverVersion: 93.0.961.52 (55ddfa3ef85052..., userDataDir: C:\Users\RESHMA~1.AMB\AppDa...}, networkConnectionEnabled: false, pageLoadStrategy: normal, platform: WINDOWS, platformName: WINDOWS, proxy: Proxy(), setWindowRect: true, strictFileInteractability: false, timeouts: {implicit: 0, pageLoad: 300000, script: 30000}, unhandledPromptBehavior: dismiss and notify, webauthn:extension:credBlob: true, webauthn:extension:largeBlob: true, webauthn:virtualAuthenticators: true}
Session ID: 945bf8be47e9248b65809257bdce63d1
at org.openqa.selenium.remote.http.W3CHttpResponseCodec.createException(W3CHttpResponseCodec.java:187)
at org.openqa.selenium.remote.http.W3CHttpResponseCodec.decode(W3CHttpResponseCodec.java:122)
at org.openqa.selenium.remote.http.W3CHttpResponseCodec.decode(W3CHttpResponseCodec.java:49)
at org.openqa.selenium.remote.HttpCommandExecutor.execute(HttpCommandExecutor.java:158)
at org.openqa.selenium.remote.service.DriverCommandExecutor.execute(DriverCommandExecutor.java:83)
at org.openqa.selenium.remote.RemoteWebDriver.execute(RemoteWebDriver.java:552)
at org.openqa.selenium.remote.RemoteWebElement.execute(RemoteWebElement.java:285)
at org.openqa.selenium.remote.RemoteWebElement.click(RemoteWebElement.java:84)
at org.openqa.selenium.support.pagefactory.internal.LocatingElementHandler.invoke(LocatingElementHandler.java:51)
at com.sun.proxy.$Proxy12.click(Unknown Source)
at com.orangehrm.qa.utilities.ElementUtil.click(ElementUtil.java:95)
at com.orangehrm.qa.pages.CustomFieldsPage.addField(CustomFieldsPage.java:112)
at com.orangehrm.qa.testcases.CustomFieldsPageTest.verifyEditCustomFieldAndSave(CustomFieldsPageTest.java:55)
at java.util.ArrayList.forEach(ArrayList.java:1259)
... Removed 34 stack frames]]>
    </failure>
  </testcase> <!-- verifyEditCustomFieldAndSave -->
  <testcase name="verifySetUp" time="6.342" classname="com.orangehrm.qa.testcases.CsvDataImportaPageTest"/>
  <testcase name="verifyCsvDataUploadTest" time="3.385" classname="com.orangehrm.qa.testcases.CsvDataImportaPageTest"/>
  <testcase name="verifyCsvDataDownloadTest" time="1.304" classname="com.orangehrm.qa.testcases.CsvDataImportaPageTest"/>
  <testcase name="verifyEditShowDeprecatedOptionTest" time="0.0" classname="com.orangehrm.qa.testcases.ConfigurePIMPageTest">
    <ignored/>
  </testcase> <!-- verifyEditShowDeprecatedOptionTest -->
  <testcase name="verifyEditCountrySpecificOptionTest" time="0.0" classname="com.orangehrm.qa.testcases.ConfigurePIMPageTest">
    <ignored/>
  </testcase> <!-- verifyEditCountrySpecificOptionTest -->
  <testcase name="verifyEditCustomFieldAndCancel" time="0.0" classname="com.orangehrm.qa.testcases.CustomFieldsPageTest">
    <ignored/>
  </testcase> <!-- verifyEditCustomFieldAndCancel -->
  <testcase name="verifyAddDepAction" time="0.0" classname="com.orangehrm.qa.testcases.DependentsPageTest">
    <ignored/>
  </testcase> <!-- verifyAddDepAction -->
  <testcase name="verifyEnterAddLeaveDetails" time="0.0" classname="com.orangehrm.qa.testcases.LeaveEntitlementsPageTest">
    <ignored/>
  </testcase> <!-- verifyEnterAddLeaveDetails -->
</testsuite> <!-- Test2 -->
