<?xml version="1.0" encoding="UTF-8"?>
<!-- Generated by org.testng.reporters.JUnitXMLReporter -->
<testsuite hostname="TRVLHGN9NN2" ignored="36" name="Test" tests="13" failures="1" timestamp="2021-09-22T02:12:19 IST" time="135.302" errors="0">
  <testcase name="setUp" time="6.862" classname="com.orangehrm.qa.testcases.MyInfoPageTest"/>
  <testcase name="verifyEnterMyinfoTabTest" time="7.678" classname="com.orangehrm.qa.testcases.MyInfoPageTest"/>
  <testcase name="addAttachment" time="9.576" classname="com.orangehrm.qa.testcases.MyInfoPageTest"/>
  <testcase name="verifySetUp" time="6.808" classname="com.orangehrm.qa.testcases.DependentsPageTest"/>
  <testcase name="verifyEditDepAction" time="19.33" classname="com.orangehrm.qa.testcases.DependentsPageTest"/>
  <testcase name="verifyEditDepAction" time="18.704" classname="com.orangehrm.qa.testcases.DependentsPageTest"/>
  <testcase name="verifySetUp" time="6.738" classname="com.orangehrm.qa.testcases.AdminPageTest"/>
  <testcase name="verifyAdminPageAction" time="5.399" classname="com.orangehrm.qa.testcases.AdminPageTest"/>
  <testcase name="verifyAdminPageAddUser" time="3.908" classname="com.orangehrm.qa.testcases.AdminPageTest"/>
  <testcase name="verifyAdminDeleteUser" time="2.232" classname="com.orangehrm.qa.testcases.AdminPageTest">
    <failure type="org.openqa.selenium.ElementNotInteractableException" message="element not interactable
  (Session info: chrome=93.0.4577.82)
Build info: version: &amp;apos;3.141.59&amp;apos;, revision: &amp;apos;e82be7d358&amp;apos;, time: &amp;apos;2018-11-14T08:17:03&amp;apos;
System info: host: &amp;apos;TRVLHGN9NN2&amp;apos;, ip: &amp;apos;192.168.1.2&amp;apos;, os.name: &amp;apos;Windows 10&amp;apos;, os.arch: &amp;apos;amd64&amp;apos;, os.version: &amp;apos;10.0&amp;apos;, java.version: &amp;apos;1.8.0_291&amp;apos;
Driver info: org.openqa.selenium.chrome.ChromeDriver
Capabilities {acceptInsecureCerts: false, browserName: chrome, browserVersion: 93.0.4577.82, chrome: {chromedriverVersion: 93.0.4577.15 (660fc11082ba5..., userDataDir: C:\Users\RESHMA~1.AMB\AppDa...}, goog:chromeOptions: {debuggerAddress: localhost:56692}, javascriptEnabled: true, networkConnectionEnabled: false, pageLoadStrategy: normal, platform: WINDOWS, platformName: WINDOWS, proxy: Proxy(), setWindowRect: true, strictFileInteractability: false, timeouts: {implicit: 0, pageLoad: 300000, script: 30000}, unhandledPromptBehavior: dismiss and notify, webauthn:extension:credBlob: true, webauthn:extension:largeBlob: true, webauthn:virtualAuthenticators: true}
Session ID: 908e1f718ef3b7f22bc9a3af6380174a">
      <![CDATA[org.openqa.selenium.ElementNotInteractableException: element not interactable
  (Session info: chrome=93.0.4577.82)
Build info: version: '3.141.59', revision: 'e82be7d358', time: '2018-11-14T08:17:03'
System info: host: 'TRVLHGN9NN2', ip: '192.168.1.2', os.name: 'Windows 10', os.arch: 'amd64', os.version: '10.0', java.version: '1.8.0_291'
Driver info: org.openqa.selenium.chrome.ChromeDriver
Capabilities {acceptInsecureCerts: false, browserName: chrome, browserVersion: 93.0.4577.82, chrome: {chromedriverVersion: 93.0.4577.15 (660fc11082ba5..., userDataDir: C:\Users\RESHMA~1.AMB\AppDa...}, goog:chromeOptions: {debuggerAddress: localhost:56692}, javascriptEnabled: true, networkConnectionEnabled: false, pageLoadStrategy: normal, platform: WINDOWS, platformName: WINDOWS, proxy: Proxy(), setWindowRect: true, strictFileInteractability: false, timeouts: {implicit: 0, pageLoad: 300000, script: 30000}, unhandledPromptBehavior: dismiss and notify, webauthn:extension:credBlob: true, webauthn:extension:largeBlob: true, webauthn:virtualAuthenticators: true}
Session ID: 908e1f718ef3b7f22bc9a3af6380174a
at org.openqa.selenium.remote.http.W3CHttpResponseCodec.createException(W3CHttpResponseCodec.java:187)
at org.openqa.selenium.remote.http.W3CHttpResponseCodec.decode(W3CHttpResponseCodec.java:122)
at org.openqa.selenium.remote.http.W3CHttpResponseCodec.decode(W3CHttpResponseCodec.java:49)
at org.openqa.selenium.remote.HttpCommandExecutor.execute(HttpCommandExecutor.java:158)
at org.openqa.selenium.remote.service.DriverCommandExecutor.execute(DriverCommandExecutor.java:83)
at org.openqa.selenium.remote.RemoteWebDriver.execute(RemoteWebDriver.java:552)
at org.openqa.selenium.remote.RemoteWebElement.execute(RemoteWebElement.java:285)
at org.openqa.selenium.remote.RemoteWebElement.click(RemoteWebElement.java:84)
at org.openqa.selenium.support.pagefactory.internal.LocatingElementHandler.invoke(LocatingElementHandler.java:51)
at com.sun.proxy.$Proxy12.click(Unknown Source)
at com.orangehrm.qa.utilities.ElementUtil.click(ElementUtil.java:95)
at com.orangehrm.qa.pages.AdminPage.deleteUser(AdminPage.java:86)
at com.orangehrm.qa.testcases.AdminPageTest.verifyAdminDeleteUser(AdminPageTest.java:52)
at java.util.ArrayList.forEach(ArrayList.java:1259)
... Removed 34 stack frames]]>
    </failure>
  </testcase> <!-- verifyAdminDeleteUser -->
  <testcase name="verifySetUp" time="6.965" classname="com.orangehrm.qa.testcases.CsvDataImportaPageTest"/>
  <testcase name="verifyCsvDataUploadTest" time="4.002" classname="com.orangehrm.qa.testcases.CsvDataImportaPageTest"/>
  <testcase name="verifyCsvDataDownloadTest" time="1.583" classname="com.orangehrm.qa.testcases.CsvDataImportaPageTest"/>
  <testcase name="verifySetUp" time="0.0" classname="com.orangehrm.qa.testcases.CustomFieldsPageTest">
    <ignored/>
  </testcase> <!-- verifySetUp -->
  <testcase name="verifySetUp" time="0.0" classname="com.orangehrm.qa.testcases.EditUserPageTest">
    <ignored/>
  </testcase> <!-- verifySetUp -->
  <testcase name="userPageNavigation" time="0.0" classname="com.orangehrm.qa.testcases.EditUserPageTest">
    <ignored/>
  </testcase> <!-- userPageNavigation -->
  <testcase name="verifyAddReportTest" time="0.0" classname="com.orangehrm.qa.testcases.PIMReportsPageTest">
    <ignored/>
  </testcase> <!-- verifyAddReportTest -->
  <testcase name="verifyEditUserPageTest" time="0.0" classname="com.orangehrm.qa.testcases.EditUserPageTest">
    <ignored/>
  </testcase> <!-- verifyEditUserPageTest -->
  <testcase name="verifyAssignpageTest" time="0.0" classname="com.orangehrm.qa.testcases.AssignLeavePageTest">
    <ignored/>
  </testcase> <!-- verifyAssignpageTest -->
  <testcase name="verifyEditShowAndCountryOptionTest" time="0.0" classname="com.orangehrm.qa.testcases.ConfigurePIMPageTest">
    <ignored/>
  </testcase> <!-- verifyEditShowAndCountryOptionTest -->
  <testcase name="verifyLoginPageTest" time="0.0" classname="com.orangehrm.qa.testcases.LoginPageTest">
    <ignored/>
  </testcase> <!-- verifyLoginPageTest -->
  <testcase name="verifySetUp" time="0.0" classname="com.orangehrm.qa.testcases.LeaveEntitlementsPageTest">
    <ignored/>
  </testcase> <!-- verifySetUp -->
  <testcase name="verifyEditCountrySpecificOptionTest" time="0.0" classname="com.orangehrm.qa.testcases.ConfigurePIMPageTest">
    <ignored/>
  </testcase> <!-- verifyEditCountrySpecificOptionTest -->
  <testcase name="verifyContactAttachmentsTest" time="0.0" classname="com.orangehrm.qa.testcases.MyInfoContactDetailsPageTest">
    <ignored/>
  </testcase> <!-- verifyContactAttachmentsTest -->
  <testcase name="verifySaveContactDetailsTest" time="0.0" classname="com.orangehrm.qa.testcases.MyInfoContactDetailsPageTest">
    <ignored/>
  </testcase> <!-- verifySaveContactDetailsTest -->
  <testcase name="verifyaddUserActionTest" time="0.0" classname="com.orangehrm.qa.testcases.AddUserPageTest">
    <ignored/>
  </testcase> <!-- verifyaddUserActionTest -->
  <testcase name="verifyEnterLeaveMultipleEmployees" time="0.0" classname="com.orangehrm.qa.testcases.LeaveEntitlementsPageTest">
    <ignored/>
  </testcase> <!-- verifyEnterLeaveMultipleEmployees -->
  <testcase name="verifyDelete" time="0.0" classname="com.orangehrm.qa.testcases.PIMReportsPageTest">
    <ignored/>
  </testcase> <!-- verifyDelete -->
  <testcase name="verifySetUp" time="0.0" classname="com.orangehrm.qa.testcases.AddUserPageTest">
    <ignored/>
  </testcase> <!-- verifySetUp -->
  <testcase name="verifyDeleteCustomersAndAdd" time="0.0" classname="com.orangehrm.qa.testcases.CustomFieldsPageTest">
    <ignored/>
  </testcase> <!-- verifyDeleteCustomersAndAdd -->
  <testcase name="verifyDashbBoardElementsDisplayAndLogin" time="0.0" classname="com.orangehrm.qa.testcases.DashBoardPageTest">
    <ignored/>
  </testcase> <!-- verifyDashbBoardElementsDisplayAndLogin -->
  <testcase name="verifyConfigurePIMPageElementsTest" time="0.0" classname="com.orangehrm.qa.testcases.ConfigurePIMPageTest">
    <ignored/>
  </testcase> <!-- verifyConfigurePIMPageElementsTest -->
  <testcase name="verifyCustomFieldPageNav" time="0.0" classname="com.orangehrm.qa.testcases.CustomFieldsPageTest">
    <ignored/>
  </testcase> <!-- verifyCustomFieldPageNav -->
  <testcase name="verifyEditCustomField" time="0.0" classname="com.orangehrm.qa.testcases.MyInfoPageTest">
    <ignored/>
  </testcase> <!-- verifyEditCustomField -->
  <testcase name="verifySortReportAndEditTest" time="0.0" classname="com.orangehrm.qa.testcases.PIMReportsPageTest">
    <ignored/>
  </testcase> <!-- verifySortReportAndEditTest -->
  <testcase name="verifyCustomFieldAddAndCancel" time="0.0" classname="com.orangehrm.qa.testcases.CustomFieldsPageTest">
    <ignored/>
  </testcase> <!-- verifyCustomFieldAddAndCancel -->
  <testcase name="verifyAddDepAction" time="0.0" classname="com.orangehrm.qa.testcases.DependentsPageTest">
    <ignored/>
  </testcase> <!-- verifyAddDepAction -->
  <testcase name="verifyContactDetailsPageNav" time="0.0" classname="com.orangehrm.qa.testcases.MyInfoContactDetailsPageTest">
    <ignored/>
  </testcase> <!-- verifyContactDetailsPageNav -->
  <testcase name="setUp" time="0.0" classname="com.orangehrm.qa.testcases.AssignLeavePageTest">
    <ignored/>
  </testcase> <!-- setUp -->
  <testcase name="verifySetUp" time="0.0" classname="com.orangehrm.qa.testcases.ConfigurePIMPageTest">
    <ignored/>
  </testcase> <!-- verifySetUp -->
  <testcase name="verifyEnterAddLeaveDetails" time="0.0" classname="com.orangehrm.qa.testcases.LeaveEntitlementsPageTest">
    <ignored/>
  </testcase> <!-- verifyEnterAddLeaveDetails -->
  <testcase name="verifyEditCustomFieldAndSave" time="0.0" classname="com.orangehrm.qa.testcases.CustomFieldsPageTest">
    <ignored/>
  </testcase> <!-- verifyEditCustomFieldAndSave -->
  <testcase name="setUp" time="0.0" classname="com.orangehrm.qa.testcases.MyInfoContactDetailsPageTest">
    <ignored/>
  </testcase> <!-- setUp -->
  <testcase name="verifyEditShowDeprecatedOptionTest" time="0.0" classname="com.orangehrm.qa.testcases.ConfigurePIMPageTest">
    <ignored/>
  </testcase> <!-- verifyEditShowDeprecatedOptionTest -->
  <testcase name="verifyEditCustomFieldAndCancel" time="0.0" classname="com.orangehrm.qa.testcases.CustomFieldsPageTest">
    <ignored/>
  </testcase> <!-- verifyEditCustomFieldAndCancel -->
  <testcase name="verifyEditAllConfigurePIMPageTest" time="0.0" classname="com.orangehrm.qa.testcases.ConfigurePIMPageTest">
    <ignored/>
  </testcase> <!-- verifyEditAllConfigurePIMPageTest -->
  <testcase name="verifyLogOutAction" time="0.0" classname="com.orangehrm.qa.testcases.DashBoardPageTest">
    <ignored/>
  </testcase> <!-- verifyLogOutAction -->
  <testcase name="verifyDelete" time="0.0" classname="com.orangehrm.qa.testcases.AddUserPageTest">
    <ignored/>
  </testcase> <!-- verifyDelete -->
  <testcase name="verifySetUp" time="0.0" classname="com.orangehrm.qa.testcases.PIMReportsPageTest">
    <ignored/>
  </testcase> <!-- verifySetUp -->
</testsuite> <!-- Test -->
