<html>
<head>
<title>TestNG:  Test</title>
<link href="../testng.css" rel="stylesheet" type="text/css" />
<link href="../my-testng.css" rel="stylesheet" type="text/css" />

<style type="text/css">
.log { display: none;} 
.stack-trace { display: none;} 
</style>
<script type="text/javascript">
<!--
function flip(e) {
  current = e.style.display;
  if (current == 'block') {
    e.style.display = 'none';
    return 0;
  }
  else {
    e.style.display = 'block';
    return 1;
  }
}

function toggleBox(szDivId, elem, msg1, msg2)
{
  var res = -1;  if (document.getElementById) {
    res = flip(document.getElementById(szDivId));
  }
  else if (document.all) {
    // this is the way old msie versions work
    res = flip(document.all[szDivId]);
  }
  if(elem) {
    if(res == 0) elem.innerHTML = msg1; else elem.innerHTML = msg2;
  }

}

function toggleAllBoxes() {
  if (document.getElementsByTagName) {
    d = document.getElementsByTagName('div');
    for (i = 0; i < d.length; i++) {
      if (d[i].className == 'log') {
        flip(d[i]);
      }
    }
  }
}

// -->
</script>

</head>
<body>
<h2 align='center'>Test</h2><table border='1' align="center">
<tr>
<td>Tests passed/Failed/Skipped:</td><td>12/1/0</td>
</tr><tr>
<td>Started on:</td><td>Wed Sep 22 02:10:03 IST 2021</td>
</tr>
<tr><td>Total time:</td><td>135 seconds (135302 ms)</td>
</tr><tr>
<td>Included groups:</td><td>regression </td>
</tr><tr>
<td>Excluded groups:</td><td></td>
</tr>
</table><p/>
<small><i>(Hover the method name to see the test class name)</i></small><p/>
<table width='100%' border='1' class='invocation-failed'>
<tr><td colspan='4' align='center'><b>FAILED TESTS</b></td></tr>
<tr><td><b>Test method</b></td>
<td width="30%"><b>Exception</b></td>
<td width="10%"><b>Time (seconds)</b></td>
<td><b>Instance</b></td>
</tr>
<tr>
<td title='com.orangehrm.qa.testcases.AdminPageTest.verifyAdminDeleteUser()'><b>verifyAdminDeleteUser</b><br>Test class: com.orangehrm.qa.testcases.AdminPageTest</td>
<td><div><pre>org.openqa.selenium.ElementNotInteractableException: element not interactable
  (Session info: chrome=93.0.4577.82)
Build info: version: &apos;3.141.59&apos;, revision: &apos;e82be7d358&apos;, time: &apos;2018-11-14T08:17:03&apos;
System info: host: &apos;TRVLHGN9NN2&apos;, ip: &apos;192.168.1.2&apos;, os.name: &apos;Windows 10&apos;, os.arch: &apos;amd64&apos;, os.version: &apos;10.0&apos;, java.version: &apos;1.8.0_291&apos;
Driver info: org.openqa.selenium.chrome.ChromeDriver
Capabilities {acceptInsecureCerts: false, browserName: chrome, browserVersion: 93.0.4577.82, chrome: {chromedriverVersion: 93.0.4577.15 (660fc11082ba5..., userDataDir: C:\Users\RESHMA~1.AMB\AppDa...}, goog:chromeOptions: {debuggerAddress: localhost:56692}, javascriptEnabled: true, networkConnectionEnabled: false, pageLoadStrategy: normal, platform: WINDOWS, platformName: WINDOWS, proxy: Proxy(), setWindowRect: true, strictFileInteractability: false, timeouts: {implicit: 0, pageLoad: 300000, script: 30000}, unhandledPromptBehavior: dismiss and notify, webauthn:extension:credBlob: true, webauthn:extension:largeBlob: true, webauthn:virtualAuthenticators: true}
Session ID: 908e1f718ef3b7f22bc9a3af6380174a
	at org.openqa.selenium.remote.http.W3CHttpResponseCodec.createException(W3CHttpResponseCodec.java:187)
	at org.openqa.selenium.remote.http.W3CHttpResponseCodec.decode(W3CHttpResponseCodec.java:122)
	at org.openqa.selenium.remote.http.W3CHttpResponseCodec.decode(W3CHttpResponseCodec.java:49)
	at org.openqa.selenium.remote.HttpCommandExecutor.execute(HttpCommandExecutor.java:158)
	at org.openqa.selenium.remote.service.DriverCommandExecutor.execute(DriverCommandExecutor.java:83)
	at org.openqa.selenium.remote.RemoteWebDriver.execute(RemoteWebDriver.java:552)
	at org.openqa.selenium.remote.RemoteWebElement.execute(RemoteWebElement.java:285)
	at org.openqa.selenium.remote.RemoteWebElement.click(RemoteWebElement.java:84)
	at org.openqa.selenium.support.pagefactory.internal.LocatingElementHandler.invoke(LocatingElementHandler.java:51)
	at com.sun.proxy.$Proxy12.click(Unknown Source)
	at com.orangehrm.qa.utilities.ElementUtil.click(ElementUtil.java:95)
	at com.orangehrm.qa.pages.AdminPage.deleteUser(AdminPage.java:86)
	at com.orangehrm.qa.testcases.AdminPageTest.verifyAdminDeleteUser(AdminPageTest.java:52)
	at java.util.ArrayList.forEach(ArrayList.java:1259)
... Removed 34 stack frames</pre></div><a href='#' onClick='toggleBox("stack-trace1930401429", this, "Click to show all stack frames", "Click to hide stack frames")'>Click to show all stack frames</a>
<div class='stack-trace' id='stack-trace1930401429'><pre>org.openqa.selenium.ElementNotInteractableException: element not interactable
  (Session info: chrome=93.0.4577.82)
Build info: version: &apos;3.141.59&apos;, revision: &apos;e82be7d358&apos;, time: &apos;2018-11-14T08:17:03&apos;
System info: host: &apos;TRVLHGN9NN2&apos;, ip: &apos;192.168.1.2&apos;, os.name: &apos;Windows 10&apos;, os.arch: &apos;amd64&apos;, os.version: &apos;10.0&apos;, java.version: &apos;1.8.0_291&apos;
Driver info: org.openqa.selenium.chrome.ChromeDriver
Capabilities {acceptInsecureCerts: false, browserName: chrome, browserVersion: 93.0.4577.82, chrome: {chromedriverVersion: 93.0.4577.15 (660fc11082ba5..., userDataDir: C:\Users\RESHMA~1.AMB\AppDa...}, goog:chromeOptions: {debuggerAddress: localhost:56692}, javascriptEnabled: true, networkConnectionEnabled: false, pageLoadStrategy: normal, platform: WINDOWS, platformName: WINDOWS, proxy: Proxy(), setWindowRect: true, strictFileInteractability: false, timeouts: {implicit: 0, pageLoad: 300000, script: 30000}, unhandledPromptBehavior: dismiss and notify, webauthn:extension:credBlob: true, webauthn:extension:largeBlob: true, webauthn:virtualAuthenticators: true}
Session ID: 908e1f718ef3b7f22bc9a3af6380174a
	at sun.reflect.NativeConstructorAccessorImpl.newInstance0(Native Method)
	at sun.reflect.NativeConstructorAccessorImpl.newInstance(NativeConstructorAccessorImpl.java:62)
	at sun.reflect.DelegatingConstructorAccessorImpl.newInstance(DelegatingConstructorAccessorImpl.java:45)
	at java.lang.reflect.Constructor.newInstance(Constructor.java:423)
	at org.openqa.selenium.remote.http.W3CHttpResponseCodec.createException(W3CHttpResponseCodec.java:187)
	at org.openqa.selenium.remote.http.W3CHttpResponseCodec.decode(W3CHttpResponseCodec.java:122)
	at org.openqa.selenium.remote.http.W3CHttpResponseCodec.decode(W3CHttpResponseCodec.java:49)
	at org.openqa.selenium.remote.HttpCommandExecutor.execute(HttpCommandExecutor.java:158)
	at org.openqa.selenium.remote.service.DriverCommandExecutor.execute(DriverCommandExecutor.java:83)
	at org.openqa.selenium.remote.RemoteWebDriver.execute(RemoteWebDriver.java:552)
	at org.openqa.selenium.remote.RemoteWebElement.execute(RemoteWebElement.java:285)
	at org.openqa.selenium.remote.RemoteWebElement.click(RemoteWebElement.java:84)
	at sun.reflect.GeneratedMethodAccessor3.invoke(Unknown Source)
	at sun.reflect.DelegatingMethodAccessorImpl.invoke(DelegatingMethodAccessorImpl.java:43)
	at java.lang.reflect.Method.invoke(Method.java:498)
	at org.openqa.selenium.support.pagefactory.internal.LocatingElementHandler.invoke(LocatingElementHandler.java:51)
	at com.sun.proxy.$Proxy12.click(Unknown Source)
	at com.orangehrm.qa.utilities.ElementUtil.click(ElementUtil.java:95)
	at com.orangehrm.qa.pages.AdminPage.deleteUser(AdminPage.java:86)
	at com.orangehrm.qa.testcases.AdminPageTest.verifyAdminDeleteUser(AdminPageTest.java:52)
	at sun.reflect.NativeMethodAccessorImpl.invoke0(Native Method)
	at sun.reflect.NativeMethodAccessorImpl.invoke(NativeMethodAccessorImpl.java:62)
	at sun.reflect.DelegatingMethodAccessorImpl.invoke(DelegatingMethodAccessorImpl.java:43)
	at java.lang.reflect.Method.invoke(Method.java:498)
	at org.testng.internal.MethodInvocationHelper.invokeMethod(MethodInvocationHelper.java:133)
	at org.testng.internal.TestInvoker.invokeMethod(TestInvoker.java:598)
	at org.testng.internal.TestInvoker.invokeTestMethod(TestInvoker.java:173)
	at org.testng.internal.MethodRunner.runInSequence(MethodRunner.java:46)
	at org.testng.internal.TestInvoker$MethodInvocationAgent.invoke(TestInvoker.java:824)
	at org.testng.internal.TestInvoker.invokeTestMethods(TestInvoker.java:146)
	at org.testng.internal.TestMethodWorker.invokeTestMethods(TestMethodWorker.java:146)
	at org.testng.internal.TestMethodWorker.run(TestMethodWorker.java:128)
	at java.util.ArrayList.forEach(ArrayList.java:1259)
	at org.testng.TestRunner.privateRun(TestRunner.java:794)
	at org.testng.TestRunner.run(TestRunner.java:596)
	at org.testng.SuiteRunner.runTest(SuiteRunner.java:377)
	at org.testng.SuiteRunner.runSequentially(SuiteRunner.java:371)
	at org.testng.SuiteRunner.privateRun(SuiteRunner.java:332)
	at org.testng.SuiteRunner.run(SuiteRunner.java:276)
	at org.testng.SuiteRunnerWorker.runSuite(SuiteRunnerWorker.java:53)
	at org.testng.SuiteRunnerWorker.run(SuiteRunnerWorker.java:96)
	at org.testng.TestNG.runSuitesSequentially(TestNG.java:1212)
	at org.testng.TestNG.runSuitesLocally(TestNG.java:1134)
	at org.testng.TestNG.runSuites(TestNG.java:1063)
	at org.testng.TestNG.run(TestNG.java:1031)
	at org.testng.remote.AbstractRemoteTestNG.run(AbstractRemoteTestNG.java:115)
	at org.testng.remote.RemoteTestNG.initAndRun(RemoteTestNG.java:251)
	at org.testng.remote.RemoteTestNG.main(RemoteTestNG.java:77)
</pre></div></td>
<td>2</td>
<td>com.orangehrm.qa.testcases.AdminPageTest@74ad1f1f</td></tr>
</table><p>
<table width='100%' border='1' class='invocation-passed'>
<tr><td colspan='4' align='center'><b>PASSED TESTS</b></td></tr>
<tr><td><b>Test method</b></td>
<td width="30%"><b>Exception</b></td>
<td width="10%"><b>Time (seconds)</b></td>
<td><b>Instance</b></td>
</tr>
<tr>
<td title='com.orangehrm.qa.testcases.MyInfoPageTest.setUp()'><b>setUp</b><br>Test class: com.orangehrm.qa.testcases.MyInfoPageTest</td>
<td></td>
<td>6</td>
<td>com.orangehrm.qa.testcases.MyInfoPageTest@11758f2a</td></tr>
<tr>
<td title='com.orangehrm.qa.testcases.DependentsPageTest.verifySetUp()'><b>verifySetUp</b><br>Test class: com.orangehrm.qa.testcases.DependentsPageTest</td>
<td></td>
<td>6</td>
<td>com.orangehrm.qa.testcases.DependentsPageTest@491cc5c9</td></tr>
<tr>
<td title='com.orangehrm.qa.testcases.DependentsPageTest.verifyEditDepAction()'><b>verifyEditDepAction</b><br>Test class: com.orangehrm.qa.testcases.DependentsPageTest<br>Parameters: Patrick2, 2021-09-18, Ram2</td>
<td></td>
<td>18</td>
<td>com.orangehrm.qa.testcases.DependentsPageTest@491cc5c9</td></tr>
<tr>
<td title='com.orangehrm.qa.testcases.MyInfoPageTest.verifyEnterMyinfoTabTest()'><b>verifyEnterMyinfoTabTest</b><br>Test class: com.orangehrm.qa.testcases.MyInfoPageTest<br>Parameters: Patrick, Andrew, 112, 221, 123445</td>
<td></td>
<td>7</td>
<td>com.orangehrm.qa.testcases.MyInfoPageTest@11758f2a</td></tr>
<tr>
<td title='com.orangehrm.qa.testcases.CsvDataImportaPageTest.verifySetUp()'><b>verifySetUp</b><br>Test class: com.orangehrm.qa.testcases.CsvDataImportaPageTest</td>
<td></td>
<td>6</td>
<td>com.orangehrm.qa.testcases.CsvDataImportaPageTest@37374a5e</td></tr>
<tr>
<td title='com.orangehrm.qa.testcases.DependentsPageTest.verifyEditDepAction()'><b>verifyEditDepAction</b><br>Test class: com.orangehrm.qa.testcases.DependentsPageTest<br>Parameters: Patrick, 2021-09-17, Pandit1</td>
<td></td>
<td>19</td>
<td>com.orangehrm.qa.testcases.DependentsPageTest@491cc5c9</td></tr>
<tr>
<td title='com.orangehrm.qa.testcases.AdminPageTest.verifySetUp()'><b>verifySetUp</b><br>Test class: com.orangehrm.qa.testcases.AdminPageTest</td>
<td></td>
<td>6</td>
<td>com.orangehrm.qa.testcases.AdminPageTest@74ad1f1f</td></tr>
<tr>
<td title='com.orangehrm.qa.testcases.MyInfoPageTest.addAttachment()'><b>addAttachment</b><br>Test class: com.orangehrm.qa.testcases.MyInfoPageTest</td>
<td></td>
<td>9</td>
<td>com.orangehrm.qa.testcases.MyInfoPageTest@11758f2a</td></tr>
<tr>
<td title='com.orangehrm.qa.testcases.AdminPageTest.verifyAdminPageAction()'><b>verifyAdminPageAction</b><br>Test class: com.orangehrm.qa.testcases.AdminPageTest</td>
<td></td>
<td>5</td>
<td>com.orangehrm.qa.testcases.AdminPageTest@74ad1f1f</td></tr>
<tr>
<td title='com.orangehrm.qa.testcases.AdminPageTest.verifyAdminPageAddUser()'><b>verifyAdminPageAddUser</b><br>Test class: com.orangehrm.qa.testcases.AdminPageTest</td>
<td></td>
<td>3</td>
<td>com.orangehrm.qa.testcases.AdminPageTest@74ad1f1f</td></tr>
<tr>
<td title='com.orangehrm.qa.testcases.CsvDataImportaPageTest.verifyCsvDataDownloadTest()'><b>verifyCsvDataDownloadTest</b><br>Test class: com.orangehrm.qa.testcases.CsvDataImportaPageTest</td>
<td></td>
<td>1</td>
<td>com.orangehrm.qa.testcases.CsvDataImportaPageTest@37374a5e</td></tr>
<tr>
<td title='com.orangehrm.qa.testcases.CsvDataImportaPageTest.verifyCsvDataUploadTest()'><b>verifyCsvDataUploadTest</b><br>Test class: com.orangehrm.qa.testcases.CsvDataImportaPageTest</td>
<td></td>
<td>4</td>
<td>com.orangehrm.qa.testcases.CsvDataImportaPageTest@37374a5e</td></tr>
</table><p>
</body>
</html>